#
# A fatal error has been detected by the Java Runtime Environment:
#
#  SIGSEGV (0xb) at pc=0x00007ff9695b4d0a, pid=8017, tid=8018
#
# JRE version: OpenJDK Runtime Environment (15.0.1+9) (build 15.0.1+9-18)
# Java VM: OpenJDK 64-Bit Server VM (15.0.1+9-18, mixed mode, tiered, compressed oops, g1 gc, linux-amd64)
# Problematic frame:
# C  [ld-linux-x86-64.so.2+0x9d0a]
#
# Core dump will be written. Default location: Core dumps may be processed with "/usr/share/apport/apport %p %s %c %d %P %E" (or dumping to /home/dsaleixo/eclipse-workspace/ProjetoNovidade/ProjetoNovidade/core.8017)
#
# If you would like to submit a bug report, please visit:
#   https://bugreport.java.com/bugreport/crash.jsp
# The crash happened outside the Java Virtual Machine in native code.
# See problematic frame for where to report the bug.
#

---------------  S U M M A R Y ------------

Command Line: -Dfile.encoding=UTF-8 Tests.Teste2 1 3

Host: Intel(R) Core(TM) i5-4460S CPU @ 2.90GHz, 4 cores, 7G, Ubuntu 16.04.7 LTS
Time: Thu Jan 13 10:05:16 2022 -03 elapsed time: 1.513342 seconds (0d 0h 0m 1s)

---------------  T H R E A D  ---------------

Current thread (0x00007ff96002a5d0):  JavaThread "main" [_thread_in_native, id=8018, stack(0x00007ff96969f000,0x00007ff9697a0000)]

Stack: [0x00007ff96969f000,0x00007ff9697a0000],  sp=0x00007ff96979d290,  free space=1016k
Native frames: (J=compiled Java code, A=aot compiled Java code, j=interpreted, Vv=VM code, C=native code)
C  [ld-linux-x86-64.so.2+0x9d0a]

Java frames: (J=compiled Java code, j=interpreted, Vv=VM code)
j  jdk.internal.loader.NativeLibraries.findEntry0(Ljdk/internal/loader/NativeLibraries$NativeLibraryImpl;Ljava/lang/String;)J+0 java.base@15.0.1
j  jdk.internal.loader.NativeLibraries$NativeLibraryImpl.find(Ljava/lang/String;)J+2 java.base@15.0.1
j  jdk.internal.loader.NativeLibraries.find(Ljava/lang/String;)J+50 java.base@15.0.1
j  java.lang.ClassLoader.findNative(Ljava/lang/ClassLoader;Ljava/lang/String;)J+17 java.base@15.0.1
v  ~StubRoutines::call_stub
j  lpsolve.LpSolve.init()V+0
j  lpsolve.LpSolve.<clinit>()V+0
v  ~StubRoutines::call_stub
j  scpsolver.lpsolver.LPSOLVESolver.solve(Lscpsolver/problems/LinearProgram;)[D+33
j  DO.MinMaxSolver.getColPlayersStrategy([[D)[D+149
j  DO.MinMaxSolver.getRowPlayersStrategy([[D)[D+6
j  IAs2.DO.get_distribution([[D)[D+1
j  IAs2.DO.selecionaADV()V+153
j  IAs2.DO.update(Lrts/GameState;ILLS_CFG/Node_LS;)V+304
j  IAs2.Algoritmo1.run(Lrts/GameState;I)V+47
j  Tests.Teste2.main([Ljava/lang/String;)V+273
v  ~StubRoutines::call_stub

siginfo: si_signo: 11 (SIGSEGV), si_code: 1 (SEGV_MAPERR), si_addr: 0x0000000000005f6c

Register to memory mapping:

RAX=0x000000000000008c is an unknown value
RBX=0x000000000000008c is an unknown value
RCX=0x0000000000000002 is an unknown value
RDX=0x0 is NULL
RSP=0x00007ff96979d290 is pointing into the stack for thread: 0x00007ff96002a5d0
RBP=0x00007ff96089fe00 points into unknown readable memory: 0x00007ff948d3c000 | 00 c0 d3 48 f9 7f 00 00
RSI=0x0 is NULL
RDI=0x00007ff96060a210 points into unknown readable memory: 0x73706c5f6176614a | 4a 61 76 61 5f 6c 70 73
R8 =0x0 is NULL
R9 =0x0000000000005f68 is an unknown value
R10=0x00007ff9697d1040: _rtld_global+0x0000000000000000 in /lib64/ld-linux-x86-64.so.2 at 0x00007ff9695ab000
R11=
[error occurred during error reporting (printing register info), id 0xb, SIGSEGV (0xb) at pc=0x00007ff968ce93c7]

Registers:
RAX=0x000000000000008c, RBX=0x000000000000008c, RCX=0x0000000000000002, RDX=0x0000000000000000
RSP=0x00007ff96979d290, RBP=0x00007ff96089fe00, RSI=0x0000000000000000, RDI=0x00007ff96060a210
R8 =0x0000000000000000, R9 =0x0000000000005f68, R10=0x00007ff9697d1040, R11=0x00007ff948d3fdc8
R12=0x0000000000005248, R13=0x000000000000da20, R14=0x00007ff948d3fdd0, R15=0x00000000e3fa9542
RIP=0x00007ff9695b4d0a, EFLAGS=0x0000000000010206, CSGSFS=0x002b000000000033, ERR=0x0000000000000004
  TRAPNO=0x000000000000000e

Top of Stack: (sp=0x00007ff96979d290)
0x00007ff96979d290:   00007ff96979dc50 000000000000008c
0x00007ff96979d2a0:   00007ff96089fe00 0000000000005248
0x00007ff96979d2b0:   000000000000da20 00007ff9695b567b
0x00007ff96979d2c0:   000000000000008c 000000000000da20 

Instructions: (pc=0x00007ff9695b4d0a)
0x00007ff9695b4c0a:   85 c9 0f 85 ce fd ff ff e9 e9 fe ff ff 48 8b 04
0x00007ff9695b4c1a:   24 48 c7 80 a8 03 00 00 ff ff ff ff e9 45 fc ff
0x00007ff9695b4c2a:   ff 49 c7 81 18 03 00 00 ff ff ff ff e9 b5 fe ff
0x00007ff9695b4c3a:   ff 41 8b 47 08 49 8b 0f be 02 00 00 00 8d 50 01
0x00007ff9695b4c4a:   eb 06 0f 1f 40 00 89 c2 48 83 c3 08 48 8b 43 f8
0x00007ff9695b4c5a:   48 89 f7 48 83 78 20 02 48 0f 43 78 20 8d 42 01
0x00007ff9695b4c6a:   48 01 f9 48 83 3b 00 75 dd 41 89 57 08 49 89 0f
0x00007ff9695b4c7a:   e9 47 fa ff ff 48 8b 85 b8 00 00 00 48 85 c0 74
0x00007ff9695b4c8a:   56 48 8b 55 68 48 8b 70 08 48 8d bd 18 03 00 00
0x00007ff9695b4c9a:   48 8d 0d 01 5f 01 00 48 03 72 08 48 89 ea e8 83
0x00007ff9695b4caa:   e6 ff ff 84 c0 0f 84 11 fa ff ff 48 8b 9d 18 03
0x00007ff9695b4cba:   00 00 48 83 fb ff 0f 84 00 fa ff ff e9 89 fe ff
0x00007ff9695b4cca:   ff 49 8b 99 18 03 00 00 48 83 fb ff 0f 84 14 fe
0x00007ff9695b4cda:   ff ff e9 19 fd ff ff 48 c7 85 18 03 00 00 ff ff
0x00007ff9695b4cea:   ff ff e9 d5 f9 ff ff 66 2e 0f 1f 84 00 00 00 00
0x00007ff9695b4cfa:   00 0f 1f 44 00 00 41 55 41 54 55 53 48 83 ec 08
0x00007ff9695b4d0a:   41 0f b6 41 04 4c 8b 64 24 40 83 e0 0f 49 83 79
0x00007ff9695b4d1a:   08 00 75 08 3c 06 0f 85 01 01 00 00 45 31 d2 66
0x00007ff9695b4d2a:   41 83 79 06 00 41 0f 94 c2 45 85 c2 0f 85 eb 00
0x00007ff9695b4d3a:   00 00 41 b8 67 04 00 00 41 0f a3 c0 0f 83 db 00
0x00007ff9695b4d4a:   00 00 48 89 f0 4c 89 cb 41 89 cd 49 39 c1 48 89
0x00007ff9695b4d5a:   d5 48 89 fe 74 18 41 8b 01 48 03 44 24 38 48 89
0x00007ff9695b4d6a:   c7 e8 40 1d 01 00 85 c0 0f 85 af 00 00 00 48 85
0x00007ff9695b4d7a:   ed 49 8b 84 24 30 03 00 00 74 5b 48 85 c0 0f 84
0x00007ff9695b4d8a:   ca 00 00 00 8b 54 24 30 44 0f b7 2c 50 4c 89 e8
0x00007ff9695b4d9a:   25 ff 7f 00 00 48 8d 14 40 49 8b 84 24 e0 02 00
0x00007ff9695b4daa:   00 48 8d 04 d0 44 8b 60 08 44 3b 65 08 74 7f 8b
0x00007ff9695b4dba:   45 0c 85 c0 75 67 45 85 e4 75 62 66 45 85 ed 78
0x00007ff9695b4dca:   5c 48 83 c4 08 48 89 d8 5b 5d 41 5c 41 5d c3 0f
0x00007ff9695b4dda:   1f 80 00 00 00 00 48 85 c0 74 e6 8b 54 24 30 44
0x00007ff9695b4dea:   89 e9 c1 e1 1e c1 f9 1f 83 c1 03 0f b7 04 50 89
0x00007ff9695b4dfa:   c2 81 e2 ff 7f 00 00 39 d1 7f c6 66 85 c0 78 1d 


Stack slot to memory mapping:
stack at sp + 0 slots: 0x00007ff96979dc50 is pointing into the stack for thread: 0x00007ff96002a5d0
stack at sp + 1 slots: 0x000000000000008c is an unknown value
stack at sp + 2 slots: 0x00007ff96089fe00 points into unknown readable memory: 0x00007ff948d3c000 | 00 c0 d3 48 f9 7f 00 00
stack at sp + 3 slots: 0x0000000000005248 is an unknown value
stack at sp + 4 slots: 0x000000000000da20 is an unknown value
stack at sp + 5 slots: 0x00007ff9695b567b: <offset 0x000000000000a67b> in /lib64/ld-linux-x86-64.so.2 at 0x00007ff9695ab000
stack at sp + 6 slots: 0x000000000000008c is an unknown value
stack at sp + 7 slots: 0x000000000000da20 is an unknown value


---------------  P R O C E S S  ---------------

Threads class SMR info:
_java_thread_list=0x00007ff9602317d0, length=10, elements={
0x00007ff96002a5d0, 0x00007ff96016ee90, 0x00007ff9601767e0, 0x00007ff96018cca0,
0x00007ff96018e3b0, 0x00007ff9601927f0, 0x00007ff960193fe0, 0x00007ff9601956e0,
0x00007ff9602215e0, 0x00007ff96022e0d0
}

Java Threads: ( => current thread )
=>0x00007ff96002a5d0 JavaThread "main" [_thread_in_native, id=8018, stack(0x00007ff96969f000,0x00007ff9697a0000)]
  0x00007ff96016ee90 JavaThread "Reference Handler" daemon [_thread_blocked, id=8031, stack(0x00007ff964717000,0x00007ff964818000)]
  0x00007ff9601767e0 JavaThread "Finalizer" daemon [_thread_blocked, id=8032, stack(0x00007ff964616000,0x00007ff964717000)]
  0x00007ff96018cca0 JavaThread "Signal Dispatcher" daemon [_thread_blocked, id=8033, stack(0x00007ff96423b000,0x00007ff96433c000)]
  0x00007ff96018e3b0 JavaThread "Service Thread" daemon [_thread_blocked, id=8034, stack(0x00007ff96413a000,0x00007ff96423b000)]
  0x00007ff9601927f0 JavaThread "C2 CompilerThread0" daemon [_thread_in_native, id=8035, stack(0x00007ff964039000,0x00007ff96413a000)]
  0x00007ff960193fe0 JavaThread "C1 CompilerThread0" daemon [_thread_blocked, id=8036, stack(0x00007ff94975e000,0x00007ff94985f000)]
  0x00007ff9601956e0 JavaThread "Sweeper thread" daemon [_thread_blocked, id=8037, stack(0x00007ff94965d000,0x00007ff94975e000)]
  0x00007ff9602215e0 JavaThread "Notification Thread" daemon [_thread_blocked, id=8038, stack(0x00007ff94955c000,0x00007ff94965d000)]
  0x00007ff96022e0d0 JavaThread "Common-Cleaner" daemon [_thread_blocked, id=8040, stack(0x00007ff94935a000,0x00007ff94945b000)]

Other Threads:
  0x00007ff96015b500 VMThread "VM Thread" [stack: 0x00007ff964819000,0x00007ff964919000] [id=8030]
  0x00007ff960223260 WatcherThread [stack: 0x00007ff94945c000,0x00007ff94955c000] [id=8039]
  0x00007ff960067da0 GCTaskThread "GC Thread#0" [stack: 0x00007ff965a49000,0x00007ff965b49000] [id=8025]
  0x00007ff930000aa0 GCTaskThread "GC Thread#1" [stack: 0x00007ff949018000,0x00007ff949118000] [id=8041]
  0x00007ff960078dc0 ConcurrentGCThread "G1 Main Marker" [stack: 0x00007ff965948000,0x00007ff965a48000] [id=8026]
  0x00007ff96007a050 ConcurrentGCThread "G1 Conc#0" [stack: 0x00007ff965847000,0x00007ff965947000] [id=8027]
  0x00007ff9600df9e0 ConcurrentGCThread "G1 Refine#0" [stack: 0x00007ff965342000,0x00007ff965442000] [id=8028]
  0x00007ff9600e0bf0 ConcurrentGCThread "G1 Young RemSet Sampling" [stack: 0x00007ff965241000,0x00007ff965341000] [id=8029]

Threads with active compile tasks:
C2 CompilerThread0     1515  685 %     4       ai.abstraction.pathfinding.AStarPathFinding::findPathToPositionInRange2 @ 134 (1287 bytes)

VM state: not at safepoint (normal execution)

VM Mutex/Monitor currently owned by a thread: None

Heap address: 0x0000000084a00000, size: 1974 MB, Compressed Oops mode: 32-bit
CDS disabled.
Compressed class space mapped at: 0x0000000100000000-0x0000000140000000, size: 1073741824
Narrow klass base: 0x0000000000000000, Narrow klass shift: 3, Narrow klass range: 0x140000000

GC Precious Log:
 CPUs: 4 total, 4 available
 Memory: 7894M
 Large Page Support: Disabled
 NUMA Support: Disabled
 Compressed Oops: Enabled (32-bit)
 Heap Region Size: 1M
 Heap Min Capacity: 8M
 Heap Initial Capacity: 124M
 Heap Max Capacity: 1974M
 Pre-touch: Disabled
 Parallel Workers: 4
 Concurrent Workers: 1
 Concurrent Refinement Workers: 4
 Periodic GC: Disabled

Heap:
 garbage-first heap   total 126976K, used 27556K [0x0000000084a00000, 0x0000000100000000)
  region size 1024K, 19 young (19456K), 1 survivors (1024K)
 Metaspace       used 10629K, capacity 10714K, committed 11008K, reserved 1058816K
  class space    used 934K, capacity 967K, committed 1024K, reserved 1048576K

Heap Regions: E=young(eden), S=young(survivor), O=old, HS=humongous(starts), HC=humongous(continues), CS=collection set, F=free, OA=open archive, CA=closed archive, TAMS=top-at-mark-start (previous, next)
|   0|0x0000000084a00000, 0x0000000084b00000, 0x0000000084b00000|100%|HS|  |TAMS 0x0000000084a00000, 0x0000000084a00000| Complete 
|   1|0x0000000084b00000, 0x0000000084c00000, 0x0000000084c00000|100%| O|  |TAMS 0x0000000084b00000, 0x0000000084b00000| Untracked 
|   2|0x0000000084c00000, 0x0000000084d00000, 0x0000000084d00000|100%| O|  |TAMS 0x0000000084c00000, 0x0000000084c00000| Untracked 
|   3|0x0000000084d00000, 0x0000000084e00000, 0x0000000084e00000|100%| O|  |TAMS 0x0000000084d00000, 0x0000000084d00000| Untracked 
|   4|0x0000000084e00000, 0x0000000084f00000, 0x0000000084f00000|100%| O|  |TAMS 0x0000000084e00000, 0x0000000084e00000| Untracked 
|   5|0x0000000084f00000, 0x0000000085000000, 0x0000000085000000|100%| O|  |TAMS 0x0000000084f00000, 0x0000000084f00000| Untracked 
|   6|0x0000000085000000, 0x0000000085100000, 0x0000000085100000|100%| O|  |TAMS 0x0000000085000000, 0x0000000085000000| Untracked 
|   7|0x0000000085100000, 0x0000000085200000, 0x0000000085200000|100%| O|  |TAMS 0x0000000085100000, 0x0000000085100000| Untracked 
|   8|0x0000000085200000, 0x0000000085300000, 0x0000000085300000|100%| O|  |TAMS 0x0000000085200000, 0x0000000085200000| Untracked 
|   9|0x0000000085300000, 0x00000000853a6400, 0x0000000085400000| 64%| O|  |TAMS 0x0000000085300000, 0x0000000085300000| Untracked 
|  10|0x0000000085400000, 0x0000000085400000, 0x0000000085500000|  0%| F|  |TAMS 0x0000000085400000, 0x0000000085400000| Untracked 
|  11|0x0000000085500000, 0x0000000085500000, 0x0000000085600000|  0%| F|  |TAMS 0x0000000085500000, 0x0000000085500000| Untracked 
|  12|0x0000000085600000, 0x0000000085600000, 0x0000000085700000|  0%| F|  |TAMS 0x0000000085600000, 0x0000000085600000| Untracked 
|  13|0x0000000085700000, 0x0000000085700000, 0x0000000085800000|  0%| F|  |TAMS 0x0000000085700000, 0x0000000085700000| Untracked 
|  14|0x0000000085800000, 0x0000000085800000, 0x0000000085900000|  0%| F|  |TAMS 0x0000000085800000, 0x0000000085800000| Untracked 
|  15|0x0000000085900000, 0x0000000085900000, 0x0000000085a00000|  0%| F|  |TAMS 0x0000000085900000, 0x0000000085900000| Untracked 
|  16|0x0000000085a00000, 0x0000000085a00000, 0x0000000085b00000|  0%| F|  |TAMS 0x0000000085a00000, 0x0000000085a00000| Untracked 
|  17|0x0000000085b00000, 0x0000000085b00000, 0x0000000085c00000|  0%| F|  |TAMS 0x0000000085b00000, 0x0000000085b00000| Untracked 
|  18|0x0000000085c00000, 0x0000000085c00000, 0x0000000085d00000|  0%| F|  |TAMS 0x0000000085c00000, 0x0000000085c00000| Untracked 
|  19|0x0000000085d00000, 0x0000000085d00000, 0x0000000085e00000|  0%| F|  |TAMS 0x0000000085d00000, 0x0000000085d00000| Untracked 
|  20|0x0000000085e00000, 0x0000000085e00000, 0x0000000085f00000|  0%| F|  |TAMS 0x0000000085e00000, 0x0000000085e00000| Untracked 
|  21|0x0000000085f00000, 0x0000000085f00000, 0x0000000086000000|  0%| F|  |TAMS 0x0000000085f00000, 0x0000000085f00000| Untracked 
|  22|0x0000000086000000, 0x0000000086000000, 0x0000000086100000|  0%| F|  |TAMS 0x0000000086000000, 0x0000000086000000| Untracked 
|  23|0x0000000086100000, 0x0000000086100000, 0x0000000086200000|  0%| F|  |TAMS 0x0000000086100000, 0x0000000086100000| Untracked 
|  24|0x0000000086200000, 0x0000000086200000, 0x0000000086300000|  0%| F|  |TAMS 0x0000000086200000, 0x0000000086200000| Untracked 
|  25|0x0000000086300000, 0x0000000086300000, 0x0000000086400000|  0%| F|  |TAMS 0x0000000086300000, 0x0000000086300000| Untracked 
|  26|0x0000000086400000, 0x0000000086400000, 0x0000000086500000|  0%| F|  |TAMS 0x0000000086400000, 0x0000000086400000| Untracked 
|  27|0x0000000086500000, 0x0000000086500000, 0x0000000086600000|  0%| F|  |TAMS 0x0000000086500000, 0x0000000086500000| Untracked 
|  28|0x0000000086600000, 0x0000000086600000, 0x0000000086700000|  0%| F|  |TAMS 0x0000000086600000, 0x0000000086600000| Untracked 
|  29|0x0000000086700000, 0x0000000086700000, 0x0000000086800000|  0%| F|  |TAMS 0x0000000086700000, 0x0000000086700000| Untracked 
|  30|0x0000000086800000, 0x0000000086800000, 0x0000000086900000|  0%| F|  |TAMS 0x0000000086800000, 0x0000000086800000| Untracked 
|  31|0x0000000086900000, 0x0000000086900000, 0x0000000086a00000|  0%| F|  |TAMS 0x0000000086900000, 0x0000000086900000| Untracked 
|  32|0x0000000086a00000, 0x0000000086a00000, 0x0000000086b00000|  0%| F|  |TAMS 0x0000000086a00000, 0x0000000086a00000| Untracked 
|  33|0x0000000086b00000, 0x0000000086b00000, 0x0000000086c00000|  0%| F|  |TAMS 0x0000000086b00000, 0x0000000086b00000| Untracked 
|  34|0x0000000086c00000, 0x0000000086c00000, 0x0000000086d00000|  0%| F|  |TAMS 0x0000000086c00000, 0x0000000086c00000| Untracked 
|  35|0x0000000086d00000, 0x0000000086d00000, 0x0000000086e00000|  0%| F|  |TAMS 0x0000000086d00000, 0x0000000086d00000| Untracked 
|  36|0x0000000086e00000, 0x0000000086e00000, 0x0000000086f00000|  0%| F|  |TAMS 0x0000000086e00000, 0x0000000086e00000| Untracked 
|  37|0x0000000086f00000, 0x0000000086f00000, 0x0000000087000000|  0%| F|  |TAMS 0x0000000086f00000, 0x0000000086f00000| Untracked 
|  38|0x0000000087000000, 0x0000000087000000, 0x0000000087100000|  0%| F|  |TAMS 0x0000000087000000, 0x0000000087000000| Untracked 
|  39|0x0000000087100000, 0x0000000087100000, 0x0000000087200000|  0%| F|  |TAMS 0x0000000087100000, 0x0000000087100000| Untracked 
|  40|0x0000000087200000, 0x0000000087200000, 0x0000000087300000|  0%| F|  |TAMS 0x0000000087200000, 0x0000000087200000| Untracked 
|  41|0x0000000087300000, 0x0000000087300000, 0x0000000087400000|  0%| F|  |TAMS 0x0000000087300000, 0x0000000087300000| Untracked 
|  42|0x0000000087400000, 0x0000000087400000, 0x0000000087500000|  0%| F|  |TAMS 0x0000000087400000, 0x0000000087400000| Untracked 
|  43|0x0000000087500000, 0x0000000087500000, 0x0000000087600000|  0%| F|  |TAMS 0x0000000087500000, 0x0000000087500000| Untracked 
|  44|0x0000000087600000, 0x0000000087600000, 0x0000000087700000|  0%| F|  |TAMS 0x0000000087600000, 0x0000000087600000| Untracked 
|  45|0x0000000087700000, 0x0000000087700000, 0x0000000087800000|  0%| F|  |TAMS 0x0000000087700000, 0x0000000087700000| Untracked 
|  46|0x0000000087800000, 0x0000000087800000, 0x0000000087900000|  0%| F|  |TAMS 0x0000000087800000, 0x0000000087800000| Untracked 
|  47|0x0000000087900000, 0x0000000087900000, 0x0000000087a00000|  0%| F|  |TAMS 0x0000000087900000, 0x0000000087900000| Untracked 
|  48|0x0000000087a00000, 0x0000000087a00000, 0x0000000087b00000|  0%| F|  |TAMS 0x0000000087a00000, 0x0000000087a00000| Untracked 
|  49|0x0000000087b00000, 0x0000000087b00000, 0x0000000087c00000|  0%| F|  |TAMS 0x0000000087b00000, 0x0000000087b00000| Untracked 
|  50|0x0000000087c00000, 0x0000000087c42e28, 0x0000000087d00000| 26%| S|CS|TAMS 0x0000000087c00000, 0x0000000087c00000| Complete 
|  51|0x0000000087d00000, 0x0000000087d00000, 0x0000000087e00000|  0%| F|  |TAMS 0x0000000087d00000, 0x0000000087d00000| Untracked 
|  52|0x0000000087e00000, 0x0000000087e00000, 0x0000000087f00000|  0%| F|  |TAMS 0x0000000087e00000, 0x0000000087e00000| Untracked 
|  53|0x0000000087f00000, 0x0000000087f00000, 0x0000000088000000|  0%| F|  |TAMS 0x0000000087f00000, 0x0000000087f00000| Untracked 
|  54|0x0000000088000000, 0x0000000088000000, 0x0000000088100000|  0%| F|  |TAMS 0x0000000088000000, 0x0000000088000000| Untracked 
|  55|0x0000000088100000, 0x0000000088100000, 0x0000000088200000|  0%| F|  |TAMS 0x0000000088100000, 0x0000000088100000| Untracked 
|  56|0x0000000088200000, 0x0000000088200000, 0x0000000088300000|  0%| F|  |TAMS 0x0000000088200000, 0x0000000088200000| Untracked 
|  57|0x0000000088300000, 0x0000000088300000, 0x0000000088400000|  0%| F|  |TAMS 0x0000000088300000, 0x0000000088300000| Untracked 
|  58|0x0000000088400000, 0x0000000088400000, 0x0000000088500000|  0%| F|  |TAMS 0x0000000088400000, 0x0000000088400000| Untracked 
|  59|0x0000000088500000, 0x0000000088500000, 0x0000000088600000|  0%| F|  |TAMS 0x0000000088500000, 0x0000000088500000| Untracked 
|  60|0x0000000088600000, 0x0000000088600000, 0x0000000088700000|  0%| F|  |TAMS 0x0000000088600000, 0x0000000088600000| Untracked 
|  61|0x0000000088700000, 0x0000000088700000, 0x0000000088800000|  0%| F|  |TAMS 0x0000000088700000, 0x0000000088700000| Untracked 
|  62|0x0000000088800000, 0x0000000088800000, 0x0000000088900000|  0%| F|  |TAMS 0x0000000088800000, 0x0000000088800000| Untracked 
|  63|0x0000000088900000, 0x0000000088900000, 0x0000000088a00000|  0%| F|  |TAMS 0x0000000088900000, 0x0000000088900000| Untracked 
|  64|0x0000000088a00000, 0x0000000088a00000, 0x0000000088b00000|  0%| F|  |TAMS 0x0000000088a00000, 0x0000000088a00000| Untracked 
|  65|0x0000000088b00000, 0x0000000088b00000, 0x0000000088c00000|  0%| F|  |TAMS 0x0000000088b00000, 0x0000000088b00000| Untracked 
|  66|0x0000000088c00000, 0x0000000088c00000, 0x0000000088d00000|  0%| F|  |TAMS 0x0000000088c00000, 0x0000000088c00000| Untracked 
|  67|0x0000000088d00000, 0x0000000088d00000, 0x0000000088e00000|  0%| F|  |TAMS 0x0000000088d00000, 0x0000000088d00000| Untracked 
|  68|0x0000000088e00000, 0x0000000088e00000, 0x0000000088f00000|  0%| F|  |TAMS 0x0000000088e00000, 0x0000000088e00000| Untracked 
|  69|0x0000000088f00000, 0x0000000088f00000, 0x0000000089000000|  0%| F|  |TAMS 0x0000000088f00000, 0x0000000088f00000| Untracked 
|  70|0x0000000089000000, 0x0000000089000000, 0x0000000089100000|  0%| F|  |TAMS 0x0000000089000000, 0x0000000089000000| Untracked 
|  71|0x0000000089100000, 0x0000000089100000, 0x0000000089200000|  0%| F|  |TAMS 0x0000000089100000, 0x0000000089100000| Untracked 
|  72|0x0000000089200000, 0x0000000089200000, 0x0000000089300000|  0%| F|  |TAMS 0x0000000089200000, 0x0000000089200000| Untracked 
|  73|0x0000000089300000, 0x0000000089300000, 0x0000000089400000|  0%| F|  |TAMS 0x0000000089300000, 0x0000000089300000| Untracked 
|  74|0x0000000089400000, 0x0000000089400000, 0x0000000089500000|  0%| F|  |TAMS 0x0000000089400000, 0x0000000089400000| Untracked 
|  75|0x0000000089500000, 0x0000000089500000, 0x0000000089600000|  0%| F|  |TAMS 0x0000000089500000, 0x0000000089500000| Untracked 
|  76|0x0000000089600000, 0x0000000089600000, 0x0000000089700000|  0%| F|  |TAMS 0x0000000089600000, 0x0000000089600000| Untracked 
|  77|0x0000000089700000, 0x0000000089700000, 0x0000000089800000|  0%| F|  |TAMS 0x0000000089700000, 0x0000000089700000| Untracked 
|  78|0x0000000089800000, 0x0000000089800000, 0x0000000089900000|  0%| F|  |TAMS 0x0000000089800000, 0x0000000089800000| Untracked 
|  79|0x0000000089900000, 0x0000000089900000, 0x0000000089a00000|  0%| F|  |TAMS 0x0000000089900000, 0x0000000089900000| Untracked 
|  80|0x0000000089a00000, 0x0000000089a00000, 0x0000000089b00000|  0%| F|  |TAMS 0x0000000089a00000, 0x0000000089a00000| Untracked 
|  81|0x0000000089b00000, 0x0000000089b00000, 0x0000000089c00000|  0%| F|  |TAMS 0x0000000089b00000, 0x0000000089b00000| Untracked 
|  82|0x0000000089c00000, 0x0000000089c00000, 0x0000000089d00000|  0%| F|  |TAMS 0x0000000089c00000, 0x0000000089c00000| Untracked 
|  83|0x0000000089d00000, 0x0000000089d00000, 0x0000000089e00000|  0%| F|  |TAMS 0x0000000089d00000, 0x0000000089d00000| Untracked 
|  84|0x0000000089e00000, 0x0000000089e00000, 0x0000000089f00000|  0%| F|  |TAMS 0x0000000089e00000, 0x0000000089e00000| Untracked 
|  85|0x0000000089f00000, 0x0000000089f00000, 0x000000008a000000|  0%| F|  |TAMS 0x0000000089f00000, 0x0000000089f00000| Untracked 
|  86|0x000000008a000000, 0x000000008a000000, 0x000000008a100000|  0%| F|  |TAMS 0x000000008a000000, 0x000000008a000000| Untracked 
|  87|0x000000008a100000, 0x000000008a100000, 0x000000008a200000|  0%| F|  |TAMS 0x000000008a100000, 0x000000008a100000| Untracked 
|  88|0x000000008a200000, 0x000000008a200000, 0x000000008a300000|  0%| F|  |TAMS 0x000000008a200000, 0x000000008a200000| Untracked 
|  89|0x000000008a300000, 0x000000008a300000, 0x000000008a400000|  0%| F|  |TAMS 0x000000008a300000, 0x000000008a300000| Untracked 
|  90|0x000000008a400000, 0x000000008a400000, 0x000000008a500000|  0%| F|  |TAMS 0x000000008a400000, 0x000000008a400000| Untracked 
|  91|0x000000008a500000, 0x000000008a500000, 0x000000008a600000|  0%| F|  |TAMS 0x000000008a500000, 0x000000008a500000| Untracked 
|  92|0x000000008a600000, 0x000000008a600000, 0x000000008a700000|  0%| F|  |TAMS 0x000000008a600000, 0x000000008a600000| Untracked 
|  93|0x000000008a700000, 0x000000008a700000, 0x000000008a800000|  0%| F|  |TAMS 0x000000008a700000, 0x000000008a700000| Untracked 
|  94|0x000000008a800000, 0x000000008a800000, 0x000000008a900000|  0%| F|  |TAMS 0x000000008a800000, 0x000000008a800000| Untracked 
|  95|0x000000008a900000, 0x000000008a900000, 0x000000008aa00000|  0%| F|  |TAMS 0x000000008a900000, 0x000000008a900000| Untracked 
|  96|0x000000008aa00000, 0x000000008aa00000, 0x000000008ab00000|  0%| F|  |TAMS 0x000000008aa00000, 0x000000008aa00000| Untracked 
|  97|0x000000008ab00000, 0x000000008ab00000, 0x000000008ac00000|  0%| F|  |TAMS 0x000000008ab00000, 0x000000008ab00000| Untracked 
|  98|0x000000008ac00000, 0x000000008ac00000, 0x000000008ad00000|  0%| F|  |TAMS 0x000000008ac00000, 0x000000008ac00000| Untracked 
|  99|0x000000008ad00000, 0x000000008ad00000, 0x000000008ae00000|  0%| F|  |TAMS 0x000000008ad00000, 0x000000008ad00000| Untracked 
| 100|0x000000008ae00000, 0x000000008ae00000, 0x000000008af00000|  0%| F|  |TAMS 0x000000008ae00000, 0x000000008ae00000| Untracked 
| 101|0x000000008af00000, 0x000000008af00000, 0x000000008b000000|  0%| F|  |TAMS 0x000000008af00000, 0x000000008af00000| Untracked 
| 102|0x000000008b000000, 0x000000008b000000, 0x000000008b100000|  0%| F|  |TAMS 0x000000008b000000, 0x000000008b000000| Untracked 
| 103|0x000000008b100000, 0x000000008b100000, 0x000000008b200000|  0%| F|  |TAMS 0x000000008b100000, 0x000000008b100000| Untracked 
| 104|0x000000008b200000, 0x000000008b200000, 0x000000008b300000|  0%| F|  |TAMS 0x000000008b200000, 0x000000008b200000| Untracked 
| 105|0x000000008b300000, 0x000000008b300000, 0x000000008b400000|  0%| F|  |TAMS 0x000000008b300000, 0x000000008b300000| Untracked 
| 106|0x000000008b400000, 0x000000008b480800, 0x000000008b500000| 50%| E|  |TAMS 0x000000008b400000, 0x000000008b400000| Complete 
| 107|0x000000008b500000, 0x000000008b600000, 0x000000008b600000|100%| E|CS|TAMS 0x000000008b500000, 0x000000008b500000| Complete 
| 108|0x000000008b600000, 0x000000008b700000, 0x000000008b700000|100%| E|CS|TAMS 0x000000008b600000, 0x000000008b600000| Complete 
| 109|0x000000008b700000, 0x000000008b800000, 0x000000008b800000|100%| E|CS|TAMS 0x000000008b700000, 0x000000008b700000| Complete 
| 110|0x000000008b800000, 0x000000008b900000, 0x000000008b900000|100%| E|CS|TAMS 0x000000008b800000, 0x000000008b800000| Complete 
| 111|0x000000008b900000, 0x000000008ba00000, 0x000000008ba00000|100%| E|CS|TAMS 0x000000008b900000, 0x000000008b900000| Complete 
| 112|0x000000008ba00000, 0x000000008bb00000, 0x000000008bb00000|100%| E|CS|TAMS 0x000000008ba00000, 0x000000008ba00000| Complete 
| 113|0x000000008bb00000, 0x000000008bc00000, 0x000000008bc00000|100%| E|CS|TAMS 0x000000008bb00000, 0x000000008bb00000| Complete 
| 114|0x000000008bc00000, 0x000000008bd00000, 0x000000008bd00000|100%| E|CS|TAMS 0x000000008bc00000, 0x000000008bc00000| Complete 
| 115|0x000000008bd00000, 0x000000008be00000, 0x000000008be00000|100%| E|CS|TAMS 0x000000008bd00000, 0x000000008bd00000| Complete 
| 116|0x000000008be00000, 0x000000008bf00000, 0x000000008bf00000|100%| E|CS|TAMS 0x000000008be00000, 0x000000008be00000| Complete 
| 117|0x000000008bf00000, 0x000000008c000000, 0x000000008c000000|100%| E|CS|TAMS 0x000000008bf00000, 0x000000008bf00000| Complete 
| 118|0x000000008c000000, 0x000000008c100000, 0x000000008c100000|100%| E|CS|TAMS 0x000000008c000000, 0x000000008c000000| Complete 
| 119|0x000000008c100000, 0x000000008c200000, 0x000000008c200000|100%| E|CS|TAMS 0x000000008c100000, 0x000000008c100000| Complete 
| 120|0x000000008c200000, 0x000000008c300000, 0x000000008c300000|100%| E|CS|TAMS 0x000000008c200000, 0x000000008c200000| Complete 
| 121|0x000000008c300000, 0x000000008c400000, 0x000000008c400000|100%| E|CS|TAMS 0x000000008c300000, 0x000000008c300000| Complete 
| 122|0x000000008c400000, 0x000000008c500000, 0x000000008c500000|100%| E|CS|TAMS 0x000000008c400000, 0x000000008c400000| Complete 
| 123|0x000000008c500000, 0x000000008c600000, 0x000000008c600000|100%| E|CS|TAMS 0x000000008c500000, 0x000000008c500000| Complete 

Card table byte_map: [0x00007ff965f24000,0x00007ff9662ff000] _byte_map_base: 0x00007ff965aff000

Marking Bits (Prev, Next): (CMBitMap*) 0x00007ff960068b40, (CMBitMap*) 0x00007ff960068b80
 Prev Bits: [0x00007ff94b737000, 0x00007ff94d60f000)
 Next Bits: [0x00007ff94985f000, 0x00007ff94b737000)

Polling page: 0x00007ff9697cc000

Metaspace:

Usage:
  Non-class:      9,52 MB capacity,     9,47 MB (>99%) used,    42,69 KB ( <1%) free+waste,     9,19 KB ( <1%) overhead. 
      Class:    967,00 KB capacity,   934,16 KB ( 97%) used,    29,78 KB (  3%) free+waste,     3,06 KB ( <1%) overhead. 
       Both:     10,46 MB capacity,    10,38 MB (>99%) used,    72,47 KB ( <1%) free+waste,    12,25 KB ( <1%) overhead. 

Virtual space:
  Non-class space:       10,00 MB reserved,       9,75 MB ( 98%) committed 
      Class space:        1,00 GB reserved,       1,00 MB ( <1%) committed 
             Both:        1,01 GB reserved,      10,75 MB (  1%) committed 

Chunk freelists:
   Non-Class:  77,00 KB
       Class:  25,00 KB
        Both:  102,00 KB

MaxMetaspaceSize: 17179869184,00 GB
CompressedClassSpaceSize: 1,00 GB

CodeHeap 'non-profiled nmethods': size=120032Kb used=284Kb max_used=284Kb free=119747Kb
 bounds [0x00007ff9550d7000, 0x00007ff955347000, 0x00007ff95c60f000]
CodeHeap 'profiled nmethods': size=120028Kb used=2170Kb max_used=2170Kb free=117857Kb
 bounds [0x00007ff94dba0000, 0x00007ff94de10000, 0x00007ff9550d7000]
CodeHeap 'non-nmethods': size=5700Kb used=1130Kb max_used=1140Kb free=4570Kb
 bounds [0x00007ff94d60f000, 0x00007ff94d87f000, 0x00007ff94dba0000]
 total_blobs=1484 nmethods=1105 adapters=293
 compilation: enabled
              stopped_count=0, restarted_count=0
 full_count=0

Compilation events (20 events):
Event: 1,364 Thread 0x00007ff960193fe0 1166   !   2       sun.nio.fs.UnixFileAttributes::toFileTime (60 bytes)
Event: 1,364 Thread 0x00007ff960193fe0 nmethod 1166 0x00007ff94ddbb790 code [0x00007ff94ddbb960, 0x00007ff94ddbbba0]
Event: 1,364 Thread 0x00007ff960193fe0 1167       2       java.nio.file.attribute.FileTime::from (18 bytes)
Event: 1,365 Thread 0x00007ff960193fe0 nmethod 1167 0x00007ff94ddbbd10 code [0x00007ff94ddbbec0, 0x00007ff94ddbc120]
Event: 1,365 Thread 0x00007ff960193fe0 1168       2       java.nio.file.attribute.FileTime::<init> (21 bytes)
Event: 1,365 Thread 0x00007ff960193fe0 nmethod 1168 0x00007ff94ddbc210 code [0x00007ff94ddbc3a0, 0x00007ff94ddbc530]
Event: 1,377 Thread 0x00007ff960193fe0 1169       2       scpsolver.lpsolver.SolverFactory::debug (44 bytes)
Event: 1,378 Thread 0x00007ff960193fe0 nmethod 1169 0x00007ff94ddbc610 code [0x00007ff94ddbc7e0, 0x00007ff94ddbca00]
Event: 1,452 Thread 0x00007ff960193fe0 1170       2       java.lang.String::toCharArray (25 bytes)
Event: 1,452 Thread 0x00007ff960193fe0 nmethod 1170 0x00007ff94ddbcb10 code [0x00007ff94ddbccc0, 0x00007ff94ddbce10]
Event: 1,452 Thread 0x00007ff960193fe0 1171       2       java.lang.StringLatin1::toChars (16 bytes)
Event: 1,452 Thread 0x00007ff960193fe0 nmethod 1171 0x00007ff94ddbcf10 code [0x00007ff94ddbd0a0, 0x00007ff94ddbd240]
Event: 1,485 Thread 0x00007ff960193fe0 1172  s    2       jdk.internal.perf.PerfCounter::add (18 bytes)
Event: 1,485 Thread 0x00007ff960193fe0 nmethod 1172 0x00007ff94ddbd310 code [0x00007ff94ddbd4c0, 0x00007ff94ddbd7b0]
Event: 1,485 Thread 0x00007ff960193fe0 1173   !   2       java.nio.DirectLongBufferU::get (35 bytes)
Event: 1,485 Thread 0x00007ff960193fe0 nmethod 1173 0x00007ff94ddbd910 code [0x00007ff94ddbdac0, 0x00007ff94ddbdc70]
Event: 1,485 Thread 0x00007ff960193fe0 1175   !   2       java.nio.DirectLongBufferU::put (38 bytes)
Event: 1,486 Thread 0x00007ff960193fe0 nmethod 1175 0x00007ff94ddbde10 code [0x00007ff94ddbdfc0, 0x00007ff94ddbe170]
Event: 1,490 Thread 0x00007ff960193fe0 1177   !   2       java.util.zip.Inflater::needsInput (55 bytes)
Event: 1,490 Thread 0x00007ff960193fe0 nmethod 1177 0x00007ff94ddbe390 code [0x00007ff94ddbe520, 0x00007ff94ddbe750]

GC Heap History (10 events):
Event: 0,475 GC heap before
{Heap before GC invocations=0 (full 0):
 garbage-first heap   total 126976K, used 13312K [0x0000000084a00000, 0x0000000100000000)
  region size 1024K, 13 young (13312K), 0 survivors (0K)
 Metaspace       used 9033K, capacity 9153K, committed 9344K, reserved 1058816K
  class space    used 783K, capacity 831K, committed 896K, reserved 1048576K
}
Event: 0,481 GC heap after
{Heap after GC invocations=1 (full 0):
 garbage-first heap   total 126976K, used 10439K [0x0000000084a00000, 0x0000000100000000)
  region size 1024K, 2 young (2048K), 2 survivors (2048K)
 Metaspace       used 9033K, capacity 9153K, committed 9344K, reserved 1058816K
  class space    used 783K, capacity 831K, committed 896K, reserved 1048576K
}
Event: 0,513 GC heap before
{Heap before GC invocations=1 (full 0):
 garbage-first heap   total 126976K, used 19655K [0x0000000084a00000, 0x0000000100000000)
  region size 1024K, 11 young (11264K), 2 survivors (2048K)
 Metaspace       used 9098K, capacity 9217K, committed 9600K, reserved 1058816K
  class space    used 783K, capacity 831K, committed 896K, reserved 1048576K
}
Event: 0,515 GC heap after
{Heap after GC invocations=2 (full 0):
 garbage-first heap   total 126976K, used 9891K [0x0000000084a00000, 0x0000000100000000)
  region size 1024K, 1 young (1024K), 1 survivors (1024K)
 Metaspace       used 9098K, capacity 9217K, committed 9600K, reserved 1058816K
  class space    used 783K, capacity 831K, committed 896K, reserved 1048576K
}
Event: 0,570 GC heap before
{Heap before GC invocations=2 (full 0):
 garbage-first heap   total 126976K, used 31395K [0x0000000084a00000, 0x0000000100000000)
  region size 1024K, 22 young (22528K), 1 survivors (1024K)
 Metaspace       used 9362K, capacity 9505K, committed 9856K, reserved 1058816K
  class space    used 817K, capacity 863K, committed 896K, reserved 1048576K
}
Event: 0,571 GC heap after
{Heap after GC invocations=3 (full 0):
 garbage-first heap   total 126976K, used 9943K [0x0000000084a00000, 0x0000000100000000)
  region size 1024K, 1 young (1024K), 1 survivors (1024K)
 Metaspace       used 9362K, capacity 9505K, committed 9856K, reserved 1058816K
  class space    used 817K, capacity 863K, committed 896K, reserved 1048576K
}
Event: 0,902 GC heap before
{Heap before GC invocations=3 (full 0):
 garbage-first heap   total 126976K, used 84695K [0x0000000084a00000, 0x0000000100000000)
  region size 1024K, 74 young (75776K), 1 survivors (1024K)
 Metaspace       used 10156K, capacity 10298K, committed 10496K, reserved 1058816K
  class space    used 895K, capacity 935K, committed 1024K, reserved 1048576K
}
Event: 0,904 GC heap after
{Heap after GC invocations=4 (full 0):
 garbage-first heap   total 126976K, used 10074K [0x0000000084a00000, 0x0000000100000000)
  region size 1024K, 1 young (1024K), 1 survivors (1024K)
 Metaspace       used 10156K, capacity 10298K, committed 10496K, reserved 1058816K
  class space    used 895K, capacity 935K, committed 1024K, reserved 1048576K
}
Event: 1,320 GC heap before
{Heap before GC invocations=4 (full 0):
 garbage-first heap   total 126976K, used 84826K [0x0000000084a00000, 0x0000000100000000)
  region size 1024K, 74 young (75776K), 1 survivors (1024K)
 Metaspace       used 10561K, capacity 10650K, committed 11008K, reserved 1058816K
  class space    used 931K, capacity 967K, committed 1024K, reserved 1048576K
}
Event: 1,321 GC heap after
{Heap after GC invocations=5 (full 0):
 garbage-first heap   total 126976K, used 10148K [0x0000000084a00000, 0x0000000100000000)
  region size 1024K, 1 young (1024K), 1 survivors (1024K)
 Metaspace       used 10561K, capacity 10650K, committed 11008K, reserved 1058816K
  class space    used 931K, capacity 967K, committed 1024K, reserved 1048576K
}

Deoptimization events (20 events):
Event: 1,481 Thread 0x00007ff96002a5d0 DEOPT PACKING pc=0x00007ff94dd8b860 sp=0x00007ff96979e140
Event: 1,481 Thread 0x00007ff96002a5d0 DEOPT UNPACKING pc=0x00007ff94d65cf2b sp=0x00007ff96979d610 mode 0
Event: 1,482 Thread 0x00007ff96002a5d0 DEOPT PACKING pc=0x00007ff94dd93574 sp=0x00007ff96979e110
Event: 1,482 Thread 0x00007ff96002a5d0 DEOPT UNPACKING pc=0x00007ff94d65cf2b sp=0x00007ff96979d5e8 mode 0
Event: 1,482 Thread 0x00007ff96002a5d0 DEOPT PACKING pc=0x00007ff94dd93ef7 sp=0x00007ff96979e1d0
Event: 1,482 Thread 0x00007ff96002a5d0 DEOPT UNPACKING pc=0x00007ff94d65cf2b sp=0x00007ff96979d698 mode 0
Event: 1,482 Thread 0x00007ff96002a5d0 DEOPT PACKING pc=0x00007ff94dd8b860 sp=0x00007ff96979e140
Event: 1,482 Thread 0x00007ff96002a5d0 DEOPT UNPACKING pc=0x00007ff94d65cf2b sp=0x00007ff96979d610 mode 0
Event: 1,483 Thread 0x00007ff96002a5d0 DEOPT PACKING pc=0x00007ff94dd93574 sp=0x00007ff96979e110
Event: 1,483 Thread 0x00007ff96002a5d0 DEOPT UNPACKING pc=0x00007ff94d65cf2b sp=0x00007ff96979d5e8 mode 0
Event: 1,483 Thread 0x00007ff96002a5d0 DEOPT PACKING pc=0x00007ff94dd8b860 sp=0x00007ff96979e140
Event: 1,483 Thread 0x00007ff96002a5d0 DEOPT UNPACKING pc=0x00007ff94d65cf2b sp=0x00007ff96979d610 mode 0
Event: 1,483 Thread 0x00007ff96002a5d0 DEOPT PACKING pc=0x00007ff94dd93ef7 sp=0x00007ff96979e1d0
Event: 1,483 Thread 0x00007ff96002a5d0 DEOPT UNPACKING pc=0x00007ff94d65cf2b sp=0x00007ff96979d698 mode 0
Event: 1,484 Thread 0x00007ff96002a5d0 DEOPT PACKING pc=0x00007ff94dd8b860 sp=0x00007ff96979e140
Event: 1,484 Thread 0x00007ff96002a5d0 DEOPT UNPACKING pc=0x00007ff94d65cf2b sp=0x00007ff96979d610 mode 0
Event: 1,484 Thread 0x00007ff96002a5d0 DEOPT PACKING pc=0x00007ff94dd93574 sp=0x00007ff96979e110
Event: 1,484 Thread 0x00007ff96002a5d0 DEOPT UNPACKING pc=0x00007ff94d65cf2b sp=0x00007ff96979d5e8 mode 0
Event: 1,486 Thread 0x00007ff96002a5d0 DEOPT PACKING pc=0x00007ff94dd93ef7 sp=0x00007ff96979e1d0
Event: 1,486 Thread 0x00007ff96002a5d0 DEOPT UNPACKING pc=0x00007ff94d65cf2b sp=0x00007ff96979d698 mode 0

Classes unloaded (0 events):
No events

Classes redefined (0 events):
No events

Internal exceptions (20 events):
Event: 0,569 Thread 0x00007ff96002a5d0 Exception <a 'java/lang/NullPointerException'{0x000000008b0c9210}> (0x000000008b0c9210) 
thrown [open/src/hotspot/share/interpreter/linkResolver.cpp, line 1374]
Event: 0,586 Thread 0x00007ff96002a5d0 Exception <a 'java/lang/NullPointerException'{0x000000008c4b3818}> (0x000000008c4b3818) 
thrown [open/src/hotspot/share/interpreter/linkResolver.cpp, line 1374]
Event: 0,586 Thread 0x00007ff96002a5d0 Exception <a 'java/lang/NullPointerException'{0x000000008c4b8ac0}> (0x000000008c4b8ac0) 
thrown [open/src/hotspot/share/interpreter/linkResolver.cpp, line 1374]
Event: 0,586 Thread 0x00007ff96002a5d0 Exception <a 'java/lang/NullPointerException'{0x000000008c4be538}> (0x000000008c4be538) 
thrown [open/src/hotspot/share/interpreter/linkResolver.cpp, line 1374]
Event: 0,586 Thread 0x00007ff96002a5d0 Exception <a 'java/lang/NullPointerException'{0x000000008c4c3820}> (0x000000008c4c3820) 
thrown [open/src/hotspot/share/interpreter/linkResolver.cpp, line 1374]
Event: 0,645 Thread 0x00007ff96002a5d0 Exception <a 'java/lang/NoSuchMethodError'{0x000000008ae71140}: 'java.lang.Object java.lang.invoke.Invokers$Holder.invokeExact_MT(java.lang.Object, java.lang.Object, java.lang.Object, java.lang.Object, java.lang.Object, java.lang.Object)'> (0x000000008ae71140) 
thrown [open/src/hotspot/share/interpreter/linkResolver.cpp, line 781]
Event: 0,650 Thread 0x00007ff96002a5d0 Exception <a 'java/lang/NoSuchMethodError'{0x000000008ae8bec8}: 'int java.lang.invoke.DirectMethodHandle$Holder.invokeVirtual(java.lang.Object, java.lang.Object)'> (0x000000008ae8bec8) 
thrown [open/src/hotspot/share/interpreter/linkResolver.cpp, line 781]
Event: 0,653 Thread 0x00007ff96002a5d0 Exception <a 'java/lang/NoSuchMethodError'{0x000000008ae98b60}: 'int java.lang.invoke.DirectMethodHandle$Holder.invokeSpecial(java.lang.Object, java.lang.Object, java.lang.Object)'> (0x000000008ae98b60) 
thrown [open/src/hotspot/share/interpreter/linkResolver.cpp, line 781]
Event: 0,661 Thread 0x00007ff96002a5d0 Exception <a 'java/lang/NoSuchMethodError'{0x000000008aec4360}: 'int java.lang.invoke.DirectMethodHandle$Holder.invokeSpecial(java.lang.Object, java.lang.Object, java.lang.Object, java.lang.Object)'> (0x000000008aec4360) 
thrown [open/src/hotspot/share/interpreter/linkResolver.cpp, line 781]
Event: 0,664 Thread 0x00007ff96002a5d0 Exception <a 'java/lang/NoSuchMethodError'{0x000000008aee66d0}: 'java.lang.Object java.lang.invoke.DirectMethodHandle$Holder.newInvokeSpecial(java.lang.Object, long)'> (0x000000008aee66d0) 
thrown [open/src/hotspot/share/interpreter/linkResolver.cpp, line 781]
Event: 1,250 Thread 0x00007ff96002a5d0 Exception <a 'java/io/FileNotFoundException'{0x000000008821be98}> (0x000000008821be98) 
thrown [open/src/hotspot/share/prims/jni.cpp, line 578]
Event: 1,250 Thread 0x00007ff96002a5d0 Exception <a 'java/io/FileNotFoundException'{0x000000008821c788}> (0x000000008821c788) 
thrown [open/src/hotspot/share/prims/jni.cpp, line 578]
Event: 1,250 Thread 0x00007ff96002a5d0 Exception <a 'java/io/FileNotFoundException'{0x000000008821cf90}> (0x000000008821cf90) 
thrown [open/src/hotspot/share/prims/jni.cpp, line 578]
Event: 1,250 Thread 0x00007ff96002a5d0 Exception <a 'java/io/FileNotFoundException'{0x000000008821d710}> (0x000000008821d710) 
thrown [open/src/hotspot/share/prims/jni.cpp, line 578]
Event: 1,250 Thread 0x00007ff96002a5d0 Exception <a 'java/io/FileNotFoundException'{0x000000008821de90}> (0x000000008821de90) 
thrown [open/src/hotspot/share/prims/jni.cpp, line 578]
Event: 1,486 Thread 0x00007ff96002a5d0 Exception <a 'java/io/FileNotFoundException'{0x000000008b458040}> (0x000000008b458040) 
thrown [open/src/hotspot/share/prims/jni.cpp, line 578]
Event: 1,486 Thread 0x00007ff96002a5d0 Exception <a 'java/io/FileNotFoundException'{0x000000008b4588b8}> (0x000000008b4588b8) 
thrown [open/src/hotspot/share/prims/jni.cpp, line 578]
Event: 1,486 Thread 0x00007ff96002a5d0 Exception <a 'java/io/FileNotFoundException'{0x000000008b4590c0}> (0x000000008b4590c0) 
thrown [open/src/hotspot/share/prims/jni.cpp, line 578]
Event: 1,486 Thread 0x00007ff96002a5d0 Exception <a 'java/io/FileNotFoundException'{0x000000008b459840}> (0x000000008b459840) 
thrown [open/src/hotspot/share/prims/jni.cpp, line 578]
Event: 1,486 Thread 0x00007ff96002a5d0 Exception <a 'java/io/FileNotFoundException'{0x000000008b459fc0}> (0x000000008b459fc0) 
thrown [open/src/hotspot/share/prims/jni.cpp, line 578]

Events (20 events):
Event: 1,022 loading class java/util/regex/Pattern$Start
Event: 1,022 loading class java/util/regex/Pattern$Start done
Event: 1,022 loading class java/util/regex/Pattern$TreeInfo
Event: 1,022 loading class java/util/regex/Pattern$TreeInfo done
Event: 1,022 loading class java/util/ArrayList$SubList
Event: 1,022 loading class java/util/ArrayList$SubList done
Event: 1,022 loading class java/util/regex/Matcher
Event: 1,023 loading class java/util/regex/MatchResult
Event: 1,023 loading class java/util/regex/MatchResult done
Event: 1,023 loading class java/util/regex/Matcher done
Event: 1,023 loading class java/util/regex/IntHashSet
Event: 1,023 loading class java/util/regex/IntHashSet done
Event: 1,064 Loaded shared library /home/dsaleixo/.p2/pool/plugins/org.eclipse.justj.openjdk.hotspot.jre.full.linux.x86_64_15.0.1.v20201027-0507/jre/lib/server/libjvm.so
Event: 1,258 loading class java/io/FileOutputStream$1
Event: 1,258 loading class java/io/FileOutputStream$1 done
Event: 1,259 Loaded shared library /home/dsaleixo/eclipse-workspace/ProjetoNovidade/ProjetoNovidade/liblpsolve55j_x64.so
Event: 1,319 Executing VM operation: G1CollectForAllocation
Event: 1,321 Executing VM operation: G1CollectForAllocation done
Event: 1,495 Executing VM operation: HandshakeAllThreads
Event: 1,495 Executing VM operation: HandshakeAllThreads done


Dynamic libraries:
84a00000-8c600000 rw-p 00000000 00:00 0 
8c600000-100000000 ---p 00000000 00:00 0 
100000000-100100000 rw-p 00000000 00:00 0 
100100000-140000000 ---p 00000000 00:00 0 
55da0aa74000-55da0aa75000 r-xp 00000000 08:01 54001766                   /home/dsaleixo/.p2/pool/plugins/org.eclipse.justj.openjdk.hotspot.jre.full.linux.x86_64_15.0.1.v20201027-0507/jre/bin/java
55da0aa76000-55da0aa77000 r--p 00001000 08:01 54001766                   /home/dsaleixo/.p2/pool/plugins/org.eclipse.justj.openjdk.hotspot.jre.full.linux.x86_64_15.0.1.v20201027-0507/jre/bin/java
55da0aa77000-55da0aa78000 rw-p 00002000 08:01 54001766                   /home/dsaleixo/.p2/pool/plugins/org.eclipse.justj.openjdk.hotspot.jre.full.linux.x86_64_15.0.1.v20201027-0507/jre/bin/java
55da0b63d000-55da0b65e000 rw-p 00000000 00:00 0                          [heap]
7ff8fc000000-7ff8fc021000 rw-p 00000000 00:00 0 
7ff8fc021000-7ff900000000 ---p 00000000 00:00 0 
7ff904000000-7ff904021000 rw-p 00000000 00:00 0 
7ff904021000-7ff908000000 ---p 00000000 00:00 0 
7ff908000000-7ff908021000 rw-p 00000000 00:00 0 
7ff908021000-7ff90c000000 ---p 00000000 00:00 0 
7ff90c000000-7ff90c021000 rw-p 00000000 00:00 0 
7ff90c021000-7ff910000000 ---p 00000000 00:00 0 
7ff910000000-7ff910021000 rw-p 00000000 00:00 0 
7ff910021000-7ff914000000 ---p 00000000 00:00 0 
7ff914000000-7ff91573b000 rw-p 00000000 00:00 0 
7ff91573b000-7ff918000000 ---p 00000000 00:00 0 
7ff918000000-7ff918ce3000 rw-p 00000000 00:00 0 
7ff918ce3000-7ff91c000000 ---p 00000000 00:00 0 
7ff91c000000-7ff91c021000 rw-p 00000000 00:00 0 
7ff91c021000-7ff920000000 ---p 00000000 00:00 0 
7ff920000000-7ff920021000 rw-p 00000000 00:00 0 
7ff920021000-7ff924000000 ---p 00000000 00:00 0 
7ff924000000-7ff924021000 rw-p 00000000 00:00 0 
7ff924021000-7ff928000000 ---p 00000000 00:00 0 
7ff928000000-7ff928021000 rw-p 00000000 00:00 0 
7ff928021000-7ff92c000000 ---p 00000000 00:00 0 
7ff92c000000-7ff92c021000 rw-p 00000000 00:00 0 
7ff92c021000-7ff930000000 ---p 00000000 00:00 0 
7ff930000000-7ff930021000 rw-p 00000000 00:00 0 
7ff930021000-7ff934000000 ---p 00000000 00:00 0 
7ff934000000-7ff934021000 rw-p 00000000 00:00 0 
7ff934021000-7ff938000000 ---p 00000000 00:00 0 
7ff93a000000-7ff93c000000 rw-p 00000000 00:00 0 
7ff93c000000-7ff93c021000 rw-p 00000000 00:00 0 
7ff93c021000-7ff940000000 ---p 00000000 00:00 0 
7ff940000000-7ff940021000 rw-p 00000000 00:00 0 
7ff940021000-7ff944000000 ---p 00000000 00:00 0 
7ff944000000-7ff944021000 rw-p 00000000 00:00 0 
7ff944021000-7ff948000000 ---p 00000000 00:00 0 
7ff948726000-7ff94873d000 r-xp 00000000 08:01 55053539                   /lib/x86_64-linux-gnu/libgcc_s.so.1
7ff94873d000-7ff94893c000 ---p 00017000 08:01 55053539                   /lib/x86_64-linux-gnu/libgcc_s.so.1
7ff94893c000-7ff94893d000 r--p 00016000 08:01 55053539                   /lib/x86_64-linux-gnu/libgcc_s.so.1
7ff94893d000-7ff94893e000 rw-p 00017000 08:01 55053539                   /lib/x86_64-linux-gnu/libgcc_s.so.1
7ff94893e000-7ff948b11000 r-xp 00000000 08:01 15993990                   /usr/lib/x86_64-linux-gnu/libstdc++.so.6.0.28
7ff948b11000-7ff948d11000 ---p 001d3000 08:01 15993990                   /usr/lib/x86_64-linux-gnu/libstdc++.so.6.0.28
7ff948d11000-7ff948d1c000 r--p 001d3000 08:01 15993990                   /usr/lib/x86_64-linux-gnu/libstdc++.so.6.0.28
7ff948d1c000-7ff948d1f000 rw-p 001de000 08:01 15993990                   /usr/lib/x86_64-linux-gnu/libstdc++.so.6.0.28
7ff948d1f000-7ff948d22000 rw-p 00000000 00:00 0 
7ff948d3c000-7ff948df1000 r-xp 00000000 08:01 58595613                   /home/dsaleixo/eclipse-workspace/ProjetoNovidade/ProjetoNovidade/liblpsolve55j_x64.so
7ff948df1000-7ff948ff1000 ---p 000b5000 08:01 58595613                   /home/dsaleixo/eclipse-workspace/ProjetoNovidade/ProjetoNovidade/liblpsolve55j_x64.so
7ff948ff1000-7ff948ff3000 r--p 000b5000 08:01 58595613                   /home/dsaleixo/eclipse-workspace/ProjetoNovidade/ProjetoNovidade/liblpsolve55j_x64.so
7ff948ff3000-7ff948ff6000 rw-p 000b7000 08:01 58595613                   /home/dsaleixo/eclipse-workspace/ProjetoNovidade/ProjetoNovidade/liblpsolve55j_x64.so
7ff948ff6000-7ff949017000 r--p 00000000 08:01 17960096                   /usr/share/locale-langpack/pt_BR/LC_MESSAGES/libc.mo
7ff949017000-7ff949018000 ---p 00000000 00:00 0 
7ff949018000-7ff9492d8000 rw-p 00000000 00:00 0 
7ff9492d8000-7ff949318000 ---p 00000000 00:00 0 
7ff949319000-7ff949326000 r-xp 00000000 08:01 54002155                   /home/dsaleixo/.p2/pool/plugins/org.eclipse.justj.openjdk.hotspot.jre.full.linux.x86_64_15.0.1.v20201027-0507/jre/lib/libverify.so
7ff949326000-7ff949328000 r--p 0000c000 08:01 54002155                   /home/dsaleixo/.p2/pool/plugins/org.eclipse.justj.openjdk.hotspot.jre.full.linux.x86_64_15.0.1.v20201027-0507/jre/lib/libverify.so
7ff949328000-7ff949329000 rw-p 0000e000 08:01 54002155                   /home/dsaleixo/.p2/pool/plugins/org.eclipse.justj.openjdk.hotspot.jre.full.linux.x86_64_15.0.1.v20201027-0507/jre/lib/libverify.so
7ff949329000-7ff94935a000 rw-p 00000000 00:00 0 
7ff94935a000-7ff94935e000 ---p 00000000 00:00 0 
7ff94935e000-7ff94945b000 rw-p 00000000 00:00 0 
7ff94945b000-7ff94945c000 ---p 00000000 00:00 0 
7ff94945c000-7ff94955c000 rw-p 00000000 00:00 0 
7ff94955c000-7ff949560000 ---p 00000000 00:00 0 
7ff949560000-7ff94965d000 rw-p 00000000 00:00 0 
7ff94965d000-7ff949661000 ---p 00000000 00:00 0 
7ff949661000-7ff94975e000 rw-p 00000000 00:00 0 
7ff94975e000-7ff949762000 ---p 00000000 00:00 0 
7ff949762000-7ff949a4f000 rw-p 00000000 00:00 0 
7ff949a4f000-7ff94b737000 ---p 00000000 00:00 0 
7ff94b737000-7ff94b927000 rw-p 00000000 00:00 0 
7ff94b927000-7ff94d60f000 ---p 00000000 00:00 0 
7ff94d60f000-7ff94d87f000 rwxp 00000000 00:00 0 
7ff94d87f000-7ff94dba0000 ---p 00000000 00:00 0 
7ff94dba0000-7ff94de10000 rwxp 00000000 00:00 0 
7ff94de10000-7ff9550d7000 ---p 00000000 00:00 0 
7ff9550d7000-7ff955347000 rwxp 00000000 00:00 0 
7ff955347000-7ff95c60f000 ---p 00000000 00:00 0 
7ff95c60f000-7ff960000000 r--s 00000000 08:01 54002134                   /home/dsaleixo/.p2/pool/plugins/org.eclipse.justj.openjdk.hotspot.jre.full.linux.x86_64_15.0.1.v20201027-0507/jre/lib/modules
7ff960000000-7ff9608d1000 rw-p 00000000 00:00 0 
7ff9608d1000-7ff964000000 ---p 00000000 00:00 0 
7ff964007000-7ff96400e000 r--s 00000000 08:01 16254209                   /usr/lib/x86_64-linux-gnu/gconv/gconv-modules.cache
7ff96400e000-7ff964023000 r-xp 00000000 08:01 54002160                   /home/dsaleixo/.p2/pool/plugins/org.eclipse.justj.openjdk.hotspot.jre.full.linux.x86_64_15.0.1.v20201027-0507/jre/lib/libnet.so
7ff964023000-7ff964024000 r--p 00014000 08:01 54002160                   /home/dsaleixo/.p2/pool/plugins/org.eclipse.justj.openjdk.hotspot.jre.full.linux.x86_64_15.0.1.v20201027-0507/jre/lib/libnet.so
7ff964024000-7ff964025000 rw-p 00015000 08:01 54002160                   /home/dsaleixo/.p2/pool/plugins/org.eclipse.justj.openjdk.hotspot.jre.full.linux.x86_64_15.0.1.v20201027-0507/jre/lib/libnet.so
7ff964025000-7ff964037000 r-xp 00000000 08:01 54002162                   /home/dsaleixo/.p2/pool/plugins/org.eclipse.justj.openjdk.hotspot.jre.full.linux.x86_64_15.0.1.v20201027-0507/jre/lib/libnio.so
7ff964037000-7ff964038000 r--p 00011000 08:01 54002162                   /home/dsaleixo/.p2/pool/plugins/org.eclipse.justj.openjdk.hotspot.jre.full.linux.x86_64_15.0.1.v20201027-0507/jre/lib/libnio.so
7ff964038000-7ff964039000 rw-p 00012000 08:01 54002162                   /home/dsaleixo/.p2/pool/plugins/org.eclipse.justj.openjdk.hotspot.jre.full.linux.x86_64_15.0.1.v20201027-0507/jre/lib/libnio.so
7ff964039000-7ff96403d000 ---p 00000000 00:00 0 
7ff96403d000-7ff96413a000 rw-p 00000000 00:00 0 
7ff96413a000-7ff96413e000 ---p 00000000 00:00 0 
7ff96413e000-7ff96423b000 rw-p 00000000 00:00 0 
7ff96423b000-7ff96423f000 ---p 00000000 00:00 0 
7ff96423f000-7ff96433c000 rw-p 00000000 00:00 0 
7ff96433c000-7ff964616000 r--p 00000000 08:01 15992114                   /usr/lib/locale/locale-archive
7ff964616000-7ff96461a000 ---p 00000000 00:00 0 
7ff96461a000-7ff964717000 rw-p 00000000 00:00 0 
7ff964717000-7ff96471b000 ---p 00000000 00:00 0 
7ff96471b000-7ff964818000 rw-p 00000000 00:00 0 
7ff964818000-7ff964819000 ---p 00000000 00:00 0 
7ff964819000-7ff964919000 rw-p 00000000 00:00 0 
7ff964919000-7ff964920000 r-xp 00000000 08:01 54002158                   /home/dsaleixo/.p2/pool/plugins/org.eclipse.justj.openjdk.hotspot.jre.full.linux.x86_64_15.0.1.v20201027-0507/jre/lib/libzip.so
7ff964920000-7ff964921000 ---p 00007000 08:01 54002158                   /home/dsaleixo/.p2/pool/plugins/org.eclipse.justj.openjdk.hotspot.jre.full.linux.x86_64_15.0.1.v20201027-0507/jre/lib/libzip.so
7ff964921000-7ff964922000 r--p 00007000 08:01 54002158                   /home/dsaleixo/.p2/pool/plugins/org.eclipse.justj.openjdk.hotspot.jre.full.linux.x86_64_15.0.1.v20201027-0507/jre/lib/libzip.so
7ff964922000-7ff964923000 rw-p 00008000 08:01 54002158                   /home/dsaleixo/.p2/pool/plugins/org.eclipse.justj.openjdk.hotspot.jre.full.linux.x86_64_15.0.1.v20201027-0507/jre/lib/libzip.so
7ff964923000-7ff965240000 rw-p 00000000 00:00 0 
7ff965240000-7ff965241000 ---p 00000000 00:00 0 
7ff965241000-7ff965341000 rw-p 00000000 00:00 0 
7ff965341000-7ff965342000 ---p 00000000 00:00 0 
7ff965342000-7ff965846000 rw-p 00000000 00:00 0 
7ff965846000-7ff965847000 ---p 00000000 00:00 0 
7ff965847000-7ff965947000 rw-p 00000000 00:00 0 
7ff965947000-7ff965948000 ---p 00000000 00:00 0 
7ff965948000-7ff965a48000 rw-p 00000000 00:00 0 
7ff965a48000-7ff965a49000 ---p 00000000 00:00 0 
7ff965a49000-7ff965b87000 rw-p 00000000 00:00 0 
7ff965b87000-7ff965f24000 ---p 00000000 00:00 0 
7ff965f24000-7ff965f62000 rw-p 00000000 00:00 0 
7ff965f62000-7ff9662ff000 ---p 00000000 00:00 0 
7ff9662ff000-7ff96633d000 rw-p 00000000 00:00 0 
7ff96633d000-7ff9666da000 ---p 00000000 00:00 0 
7ff9666da000-7ff966ae3000 rw-p 00000000 00:00 0 
7ff966ae3000-7ff966bc9000 ---p 00000000 00:00 0 
7ff966bc9000-7ff966bce000 rw-p 00000000 00:00 0 
7ff966bce000-7ff966cb4000 ---p 00000000 00:00 0 
7ff966cb4000-7ff966cbf000 r-xp 00000000 08:01 55053422                   /lib/x86_64-linux-gnu/libnss_files-2.23.so
7ff966cbf000-7ff966ebe000 ---p 0000b000 08:01 55053422                   /lib/x86_64-linux-gnu/libnss_files-2.23.so
7ff966ebe000-7ff966ebf000 r--p 0000a000 08:01 55053422                   /lib/x86_64-linux-gnu/libnss_files-2.23.so
7ff966ebf000-7ff966ec0000 rw-p 0000b000 08:01 55053422                   /lib/x86_64-linux-gnu/libnss_files-2.23.so
7ff966ec0000-7ff966ec6000 rw-p 00000000 00:00 0 
7ff966ec6000-7ff966ed1000 r-xp 00000000 08:01 55053429                   /lib/x86_64-linux-gnu/libnss_nis-2.23.so
7ff966ed1000-7ff9670d0000 ---p 0000b000 08:01 55053429                   /lib/x86_64-linux-gnu/libnss_nis-2.23.so
7ff9670d0000-7ff9670d1000 r--p 0000a000 08:01 55053429                   /lib/x86_64-linux-gnu/libnss_nis-2.23.so
7ff9670d1000-7ff9670d2000 rw-p 0000b000 08:01 55053429                   /lib/x86_64-linux-gnu/libnss_nis-2.23.so
7ff9670d2000-7ff9670e8000 r-xp 00000000 08:01 55053430                   /lib/x86_64-linux-gnu/libnsl-2.23.so
7ff9670e8000-7ff9672e7000 ---p 00016000 08:01 55053430                   /lib/x86_64-linux-gnu/libnsl-2.23.so
7ff9672e7000-7ff9672e8000 r--p 00015000 08:01 55053430                   /lib/x86_64-linux-gnu/libnsl-2.23.so
7ff9672e8000-7ff9672e9000 rw-p 00016000 08:01 55053430                   /lib/x86_64-linux-gnu/libnsl-2.23.so
7ff9672e9000-7ff9672eb000 rw-p 00000000 00:00 0 
7ff9672eb000-7ff9672f3000 r-xp 00000000 08:01 55053432                   /lib/x86_64-linux-gnu/libnss_compat-2.23.so
7ff9672f3000-7ff9674f2000 ---p 00008000 08:01 55053432                   /lib/x86_64-linux-gnu/libnss_compat-2.23.so
7ff9674f2000-7ff9674f3000 r--p 00007000 08:01 55053432                   /lib/x86_64-linux-gnu/libnss_compat-2.23.so
7ff9674f3000-7ff9674f4000 rw-p 00008000 08:01 55053432                   /lib/x86_64-linux-gnu/libnss_compat-2.23.so
7ff9674f4000-7ff9674fb000 r-xp 00000000 08:01 55053421                   /lib/x86_64-linux-gnu/librt-2.23.so
7ff9674fb000-7ff9676fa000 ---p 00007000 08:01 55053421                   /lib/x86_64-linux-gnu/librt-2.23.so
7ff9676fa000-7ff9676fb000 r--p 00006000 08:01 55053421                   /lib/x86_64-linux-gnu/librt-2.23.so
7ff9676fb000-7ff9676fc000 rw-p 00007000 08:01 55053421                   /lib/x86_64-linux-gnu/librt-2.23.so
7ff9676fc000-7ff967804000 r-xp 00000000 08:01 55053426                   /lib/x86_64-linux-gnu/libm-2.23.so
7ff967804000-7ff967a03000 ---p 00108000 08:01 55053426                   /lib/x86_64-linux-gnu/libm-2.23.so
7ff967a03000-7ff967a04000 r--p 00107000 08:01 55053426                   /lib/x86_64-linux-gnu/libm-2.23.so
7ff967a04000-7ff967a05000 rw-p 00108000 08:01 55053426                   /lib/x86_64-linux-gnu/libm-2.23.so
7ff967a05000-7ff968a4c000 r-xp 00000000 08:01 54002129                   /home/dsaleixo/.p2/pool/plugins/org.eclipse.justj.openjdk.hotspot.jre.full.linux.x86_64_15.0.1.v20201027-0507/jre/lib/server/libjvm.so
7ff968a4c000-7ff968ae6000 r--p 01046000 08:01 54002129                   /home/dsaleixo/.p2/pool/plugins/org.eclipse.justj.openjdk.hotspot.jre.full.linux.x86_64_15.0.1.v20201027-0507/jre/lib/server/libjvm.so
7ff968ae6000-7ff968b1d000 rw-p 010e0000 08:01 54002129                   /home/dsaleixo/.p2/pool/plugins/org.eclipse.justj.openjdk.hotspot.jre.full.linux.x86_64_15.0.1.v20201027-0507/jre/lib/server/libjvm.so
7ff968b1d000-7ff968ba6000 rw-p 00000000 00:00 0 
7ff968ba6000-7ff968d66000 r-xp 00000000 08:01 55053431                   /lib/x86_64-linux-gnu/libc-2.23.so
7ff968d66000-7ff968f66000 ---p 001c0000 08:01 55053431                   /lib/x86_64-linux-gnu/libc-2.23.so
7ff968f66000-7ff968f6a000 r--p 001c0000 08:01 55053431                   /lib/x86_64-linux-gnu/libc-2.23.so
7ff968f6a000-7ff968f6c000 rw-p 001c4000 08:01 55053431                   /lib/x86_64-linux-gnu/libc-2.23.so
7ff968f6c000-7ff968f70000 rw-p 00000000 00:00 0 
7ff968f70000-7ff968f73000 r-xp 00000000 08:01 55053418                   /lib/x86_64-linux-gnu/libdl-2.23.so
7ff968f73000-7ff969172000 ---p 00003000 08:01 55053418                   /lib/x86_64-linux-gnu/libdl-2.23.so
7ff969172000-7ff969173000 r--p 00002000 08:01 55053418                   /lib/x86_64-linux-gnu/libdl-2.23.so
7ff969173000-7ff969174000 rw-p 00003000 08:01 55053418                   /lib/x86_64-linux-gnu/libdl-2.23.so
7ff969174000-7ff96918c000 r-xp 00000000 08:01 55053413                   /lib/x86_64-linux-gnu/libpthread-2.23.so
7ff96918c000-7ff96938b000 ---p 00018000 08:01 55053413                   /lib/x86_64-linux-gnu/libpthread-2.23.so
7ff96938b000-7ff96938c000 r--p 00017000 08:01 55053413                   /lib/x86_64-linux-gnu/libpthread-2.23.so
7ff96938c000-7ff96938d000 rw-p 00018000 08:01 55053413                   /lib/x86_64-linux-gnu/libpthread-2.23.so
7ff96938d000-7ff969391000 rw-p 00000000 00:00 0 
7ff969391000-7ff9693aa000 r-xp 00000000 08:01 55055122                   /lib/x86_64-linux-gnu/libz.so.1.2.8
7ff9693aa000-7ff9695a9000 ---p 00019000 08:01 55055122                   /lib/x86_64-linux-gnu/libz.so.1.2.8
7ff9695a9000-7ff9695aa000 r--p 00018000 08:01 55055122                   /lib/x86_64-linux-gnu/libz.so.1.2.8
7ff9695aa000-7ff9695ab000 rw-p 00019000 08:01 55055122                   /lib/x86_64-linux-gnu/libz.so.1.2.8
7ff9695ab000-7ff9695d1000 r-xp 00000000 08:01 55053423                   /lib/x86_64-linux-gnu/ld-2.23.so
7ff9695d4000-7ff969658000 rw-p 00000000 00:00 0 
7ff969658000-7ff96967c000 r-xp 00000000 08:01 54002157                   /home/dsaleixo/.p2/pool/plugins/org.eclipse.justj.openjdk.hotspot.jre.full.linux.x86_64_15.0.1.v20201027-0507/jre/lib/libjava.so
7ff96967c000-7ff96967d000 ---p 00024000 08:01 54002157                   /home/dsaleixo/.p2/pool/plugins/org.eclipse.justj.openjdk.hotspot.jre.full.linux.x86_64_15.0.1.v20201027-0507/jre/lib/libjava.so
7ff96967d000-7ff96967e000 r--p 00024000 08:01 54002157                   /home/dsaleixo/.p2/pool/plugins/org.eclipse.justj.openjdk.hotspot.jre.full.linux.x86_64_15.0.1.v20201027-0507/jre/lib/libjava.so
7ff96967e000-7ff96967f000 rw-p 00025000 08:01 54002157                   /home/dsaleixo/.p2/pool/plugins/org.eclipse.justj.openjdk.hotspot.jre.full.linux.x86_64_15.0.1.v20201027-0507/jre/lib/libjava.so
7ff96967f000-7ff969680000 rw-p 00000000 00:00 0 
7ff969680000-7ff96969c000 r-xp 00000000 08:01 54002161                   /home/dsaleixo/.p2/pool/plugins/org.eclipse.justj.openjdk.hotspot.jre.full.linux.x86_64_15.0.1.v20201027-0507/jre/lib/libjimage.so
7ff96969c000-7ff96969e000 r--p 0001b000 08:01 54002161                   /home/dsaleixo/.p2/pool/plugins/org.eclipse.justj.openjdk.hotspot.jre.full.linux.x86_64_15.0.1.v20201027-0507/jre/lib/libjimage.so
7ff96969e000-7ff96969f000 rw-p 0001d000 08:01 54002161                   /home/dsaleixo/.p2/pool/plugins/org.eclipse.justj.openjdk.hotspot.jre.full.linux.x86_64_15.0.1.v20201027-0507/jre/lib/libjimage.so
7ff96969f000-7ff9696a3000 ---p 00000000 00:00 0 
7ff9696a3000-7ff9697a4000 rw-p 00000000 00:00 0 
7ff9697a4000-7ff9697b3000 r-xp 00000000 08:01 54002156                   /home/dsaleixo/.p2/pool/plugins/org.eclipse.justj.openjdk.hotspot.jre.full.linux.x86_64_15.0.1.v20201027-0507/jre/lib/libjli.so
7ff9697b3000-7ff9697b4000 r--p 0000e000 08:01 54002156                   /home/dsaleixo/.p2/pool/plugins/org.eclipse.justj.openjdk.hotspot.jre.full.linux.x86_64_15.0.1.v20201027-0507/jre/lib/libjli.so
7ff9697b4000-7ff9697b5000 rw-p 0000f000 08:01 54002156                   /home/dsaleixo/.p2/pool/plugins/org.eclipse.justj.openjdk.hotspot.jre.full.linux.x86_64_15.0.1.v20201027-0507/jre/lib/libjli.so
7ff9697b8000-7ff9697bd000 rw-p 00000000 00:00 0 
7ff9697bd000-7ff9697c4000 ---p 00000000 00:00 0 
7ff9697c4000-7ff9697cc000 rw-s 00000000 08:01 45482026                   /tmp/hsperfdata_dsaleixo/8017
7ff9697cc000-7ff9697cd000 ---p 00000000 00:00 0 
7ff9697cd000-7ff9697ce000 r--p 00000000 00:00 0 
7ff9697ce000-7ff9697cf000 ---p 00000000 00:00 0 
7ff9697cf000-7ff9697d0000 rw-p 00000000 00:00 0 
7ff9697d0000-7ff9697d1000 r--p 00025000 08:01 55053423                   /lib/x86_64-linux-gnu/ld-2.23.so
7ff9697d1000-7ff9697d2000 rw-p 00026000 08:01 55053423                   /lib/x86_64-linux-gnu/ld-2.23.so
7ff9697d2000-7ff9697d3000 rw-p 00000000 00:00 0 
7fff9bc08000-7fff9bc2a000 rw-p 00000000 00:00 0                          [stack]
7fff9bd7b000-7fff9bd7e000 r--p 00000000 00:00 0                          [vvar]
7fff9bd7e000-7fff9bd80000 r-xp 00000000 00:00 0                          [vdso]
ffffffffff600000-ffffffffff601000 r-xp 00000000 00:00 0                  [vsyscall]


VM Arguments:
jvm_args: -Dfile.encoding=UTF-8 
java_command: Tests.Teste2 1 3
java_class_path (initial): /home/dsaleixo/eclipse-workspace/ProjetoNovidade/ProjetoNovidade/bin:/home/dsaleixo/rea de Trabalho/lib2/lib/commons-collections4-4.4.jar:/home/dsaleixo/rea de Trabalho/lib2/lib/commons-math3-3.6.1.jar:/home/dsaleixo/rea de Trabalho/lib2/lib/fuzzywuzzy-1.3.0.jar:/home/dsaleixo/rea de Trabalho/lib2/lib/fuzzywuzzy-1.3.0-javadoc.jar:/home/dsaleixo/rea de Trabalho/lib2/lib/fuzzywuzzy-1.3.0-sources.jar:/home/dsaleixo/rea de Trabalho/lib2/lib/hsqldb-2.5.0.jar:/home/dsaleixo/rea de Trabalho/lib2/lib/javafx.base.jar:/home/dsaleixo/rea de Trabalho/lib2/lib/javafx.controls.jar:/home/dsaleixo/rea de Trabalho/lib2/lib/javafx.fxml.jar:/home/dsaleixo/rea de Trabalho/lib2/lib/javafx.graphics.jar:/home/dsaleixo/rea de Trabalho/lib2/lib/javafx.media.jar:/home/dsaleixo/rea de Trabalho/lib2/lib/javafx.swing.jar:/home/dsaleixo/rea de Trabalho/lib2/lib/javafx.web.jar:/home/dsaleixo/rea de Trabalho/lib2/lib/javafx-swt.jar:/home/dsaleixo/rea de Trabalho/lib2/lib/javax.persistence-2.1.0.jar:/home/dsaleixo/rea de Trabalho/lib2/lib/jaxb-api-2.2.3.jar:/home/dsaleixo/rea de Trabalho/lib2/lib/jdom.jar:/home/dsaleixo/rea de Trabalho/lib2/lib/jfoenix-9.0.10.jar:/home/dsaleixo/rea de Trabalho/lib2/lib/json-20200518.jar:/home/dsaleixo/rea de Trabalho/lib2/lib/minimal-json-0.9.4.jar:/home/dsaleixo/rea de Trabalho/lib2/lib/org.eclipse.persistence.antlr-2.5.2.jar:/home/dsaleixo/rea de Trabalho/lib2/lib/org.eclipse.persistence.asm-2.5.2.jar:/home/dsaleixo/rea de Trabalho/lib2/lib/org.eclipse.persistence.core-2.5.2.jar:/home/dsaleixo/rea de Trabalho/lib2/lib/org.eclipse.persistence.jpa.jpql-2.5.2.jar:/home/dsaleixo/rea de Trabalho/lib2/lib/org.eclipse.persistence.jpa-2.5.2.jar:/home/dsaleixo/rea de Trabalho/lib2/lib/sqlite-jdbc-3.30.1.jar:/home/dsaleixo/rea de Trabalho/lib2/lib/weka.jar:/home/dsaleixo/rea de Trabalho/MicroRTS_Synthesis/bin:/home/dsaleixo/rea de Trabalho/lib/commons-collections4-4.4.jar:/home/dsaleixo/
Launcher Type: SUN_STANDARD

[Global flags]
     intx CICompilerCount                          = 3                                         {product} {ergonomic}
     uint ConcGCThreads                            = 1                                         {product} {ergonomic}
     uint G1ConcRefinementThreads                  = 4                                         {product} {ergonomic}
   size_t G1HeapRegionSize                         = 1048576                                   {product} {ergonomic}
    uintx GCDrainStackTargetSize                   = 64                                        {product} {ergonomic}
   size_t InitialHeapSize                          = 130023424                                 {product} {ergonomic}
   size_t MarkStackSize                            = 4194304                                   {product} {ergonomic}
   size_t MaxHeapSize                              = 2069889024                                {product} {ergonomic}
   size_t MaxNewSize                               = 1241513984                                {product} {ergonomic}
   size_t MinHeapDeltaBytes                        = 1048576                                   {product} {ergonomic}
   size_t MinHeapSize                              = 8388608                                   {product} {ergonomic}
    uintx NonNMethodCodeHeapSize                   = 5832780                                {pd product} {ergonomic}
    uintx NonProfiledCodeHeapSize                  = 122912730                              {pd product} {ergonomic}
    uintx ProfiledCodeHeapSize                     = 122912730                              {pd product} {ergonomic}
    uintx ReservedCodeCacheSize                    = 251658240                              {pd product} {ergonomic}
     bool SegmentedCodeCache                       = true                                      {product} {ergonomic}
   size_t SoftMaxHeapSize                          = 2069889024                             {manageable} {ergonomic}
     bool UseCompressedClassPointers               = true                                 {lp64_product} {ergonomic}
     bool UseCompressedOops                        = true                                 {lp64_product} {ergonomic}
     bool UseG1GC                                  = true                                      {product} {ergonomic}

Logging:
Log output configuration:
 #0: stdout all=warning uptime,level,tags
 #1: stderr all=off uptime,level,tags

Environment Variables:
PATH=/home/dsaleixo/bin:/home/dsaleixo/.local/bin:/usr/local/sbin:/usr/local/bin:/usr/sbin:/usr/bin:/sbin:/bin:/usr/games:/usr/local/games:/snap/bin
SHELL=/bin/bash
DISPLAY=:0
LANG=pt_BR.UTF-8

Signal Handlers:
SIGSEGV: [libjvm.so+0xd63670], sa_mask[0]=11111111011111111101111111111110, sa_flags=SA_RESTART|SA_SIGINFO
SIGBUS: [libjvm.so+0xd63670], sa_mask[0]=11111111011111111101111111111110, sa_flags=SA_RESTART|SA_SIGINFO
SIGFPE: [libjvm.so+0xd63670], sa_mask[0]=11111111011111111101111111111110, sa_flags=SA_RESTART|SA_SIGINFO
SIGPIPE: [libjvm.so+0xb410d0], sa_mask[0]=11111111011111111101111111111110, sa_flags=SA_RESTART|SA_SIGINFO
SIGXFSZ: [libjvm.so+0xb410d0], sa_mask[0]=11111111011111111101111111111110, sa_flags=SA_RESTART|SA_SIGINFO
SIGILL: [libjvm.so+0xd63670], sa_mask[0]=11111111011111111101111111111110, sa_flags=SA_RESTART|SA_SIGINFO
SIGUSR2: [libjvm.so+0xb40f70], sa_mask[0]=00100000000000000000000000000000, sa_flags=SA_RESTART|SA_SIGINFO
SIGHUP: [libjvm.so+0xb417e0], sa_mask[0]=11111111011111111101111111111110, sa_flags=SA_RESTART|SA_SIGINFO
SIGINT: [libjvm.so+0xb417e0], sa_mask[0]=11111111011111111101111111111110, sa_flags=SA_RESTART|SA_SIGINFO
SIGTERM: [libjvm.so+0xb417e0], sa_mask[0]=11111111011111111101111111111110, sa_flags=SA_RESTART|SA_SIGINFO
SIGQUIT: [libjvm.so+0xb417e0], sa_mask[0]=11111111011111111101111111111110, sa_flags=SA_RESTART|SA_SIGINFO


---------------  S Y S T E M  ---------------

OS:
DISTRIB_ID=Ubuntu
DISTRIB_RELEASE=16.04
DISTRIB_CODENAME=xenial
DISTRIB_DESCRIPTION="Ubuntu 16.04.7 LTS"
uname: Linux 4.15.0-142-generic #146~16.04.1-Ubuntu SMP Tue Apr 13 09:27:15 UTC 2021 x86_64
OS uptime: 0 days 1:04 hours
libc: glibc 2.23 NPTL 2.23 
rlimit (soft/hard): STACK 8192k/infinity , CORE 0k/infinity , NPROC 31336/31336 , NOFILE 1048576/1048576 , AS infinity/infinity , CPU infinity/infinity , DATA infinity/infinity , FSIZE infinity/infinity , MEMLOCK 64k/64k
load average: 2,14 2,17 2,06

/proc/meminfo:
MemTotal:        8083596 kB
MemFree:          134052 kB
MemAvailable:    2525832 kB
Buffers:          329076 kB
Cached:          2573408 kB
SwapCached:          552 kB
Active:          5725648 kB
Inactive:        1807256 kB
Active(anon):    4567596 kB
Inactive(anon):   478040 kB
Active(file):    1158052 kB
Inactive(file):  1329216 kB
Unevictable:          96 kB
Mlocked:              96 kB
SwapTotal:        999420 kB
SwapFree:         998384 kB
Dirty:               260 kB
Writeback:             4 kB
AnonPages:       4629988 kB
Mapped:           621480 kB
Shmem:            415140 kB
Slab:             262284 kB
SReclaimable:     207264 kB
SUnreclaim:        55020 kB
KernelStack:       14752 kB
PageTables:        57636 kB
NFS_Unstable:          0 kB
Bounce:                0 kB
WritebackTmp:          0 kB
CommitLimit:     5041216 kB
Committed_AS:    9575024 kB
VmallocTotal:   34359738367 kB
VmallocUsed:           0 kB
VmallocChunk:          0 kB
HardwareCorrupted:     0 kB
AnonHugePages:         0 kB
ShmemHugePages:        0 kB
ShmemPmdMapped:        0 kB
CmaTotal:              0 kB
CmaFree:               0 kB
HugePages_Total:       0
HugePages_Free:        0
HugePages_Rsvd:        0
HugePages_Surp:        0
Hugepagesize:       2048 kB
DirectMap4k:      206156 kB
DirectMap2M:     7049216 kB
DirectMap1G:     2097152 kB

/sys/kernel/mm/transparent_hugepage/enabled: always [madvise] never
/sys/kernel/mm/transparent_hugepage/defrag (defrag/compaction efforts parameter): always defer defer+madvise [madvise] never

/proc/sys/kernel/threads-max (system-wide limit on the number of threads): 62672
/proc/sys/vm/max_map_count (maximum number of memory map areas a process may have): 65530
/proc/sys/kernel/pid_max (system-wide limit on number of process identifiers): 32768

container (cgroup) information:
container_type: cgroupv1
cpu_cpuset_cpus: 0-3
cpu_memory_nodes: 0
active_processor_count: 4
cpu_quota: no quota
cpu_period: 100000
cpu_shares: no shares
memory_limit_in_bytes: unlimited
memory_and_swap_limit_in_bytes: not supported
memory_soft_limit_in_bytes: unlimited
memory_usage_in_bytes: 7713439744
memory_max_usage_in_bytes: unlimited

Steal ticks since vm start: 0
Steal ticks percentage since vm start:  0,000

CPU: total 4 (initial active 4) (4 cores per cpu, 1 threads per core) family 6 model 60 stepping 3 microcode 0x28, cmov, cx8, fxsr, mmx, sse, sse2, sse3, ssse3, sse4.1, sse4.2, popcnt, vzeroupper, avx, avx2, aes, clmul, erms, lzcnt, tsc, tscinvbit, bmi1, bmi2, fma, clflush
CPU Model and flags from /proc/cpuinfo:
model name	: Intel(R) Core(TM) i5-4460S CPU @ 2.90GHz
flags		: fpu vme de pse tsc msr pae mce cx8 apic sep mtrr pge mca cmov pat pse36 clflush dts acpi mmx fxsr sse sse2 ss ht tm pbe syscall nx pdpe1gb rdtscp lm constant_tsc arch_perfmon pebs bts rep_good nopl xtopology nonstop_tsc cpuid aperfmperf pni pclmulqdq dtes64 monitor ds_cpl vmx est tm2 ssse3 sdbg fma cx16 xtpr pdcm pcid sse4_1 sse4_2 x2apic movbe popcnt tsc_deadline_timer aes xsave avx f16c rdrand lahf_lm abm cpuid_fault epb invpcid_single pti ssbd ibrs ibpb stibp tpr_shadow vnmi flexpriority ept vpid fsgsbase tsc_adjust bmi1 avx2 smep bmi2 erms invpcid xsaveopt dtherm ida arat pln pts md_clear flush_l1d

Online cpus: 0-3
Offline cpus: 
BIOS frequency limitation: <Not Available>
Frequency switch latency (ns): 0
Available cpu frequencies: <Not Available>
Current governor: powersave
Core performance/turbo boost: <Not Available>

Memory: 4k page, physical 8083596k(134052k free), swap 999420k(998384k free)

vm_info: OpenJDK 64-Bit Server VM (15.0.1+9-18) for linux-amd64 JRE (15.0.1+9-18), built on Sep 15 2020 13:31:44 by "mach5one" with gcc 9.2.0

END.
