#
# A fatal error has been detected by the Java Runtime Environment:
#
#  SIGSEGV (0xb) at pc=0x00007fcdd8bd3d0a, pid=8117, tid=8119
#
# JRE version: OpenJDK Runtime Environment (15.0.1+9) (build 15.0.1+9-18)
# Java VM: OpenJDK 64-Bit Server VM (15.0.1+9-18, mixed mode, tiered, compressed oops, g1 gc, linux-amd64)
# Problematic frame:
# C  [ld-linux-x86-64.so.2+0x9d0a]
#
# Core dump will be written. Default location: Core dumps may be processed with "/usr/share/apport/apport %p %s %c %d %P %E" (or dumping to /home/dsaleixo/eclipse-workspace/ProjetoNovidade/ProjetoNovidade/core.8117)
#
# If you would like to submit a bug report, please visit:
#   https://bugreport.java.com/bugreport/crash.jsp
# The crash happened outside the Java Virtual Machine in native code.
# See problematic frame for where to report the bug.
#

---------------  S U M M A R Y ------------

Command Line: -Dfile.encoding=UTF-8 Tests.Teste2 1 3

Host: Intel(R) Core(TM) i5-4460S CPU @ 2.90GHz, 4 cores, 7G, Ubuntu 16.04.7 LTS
Time: Thu Jan 13 10:06:39 2022 -03 elapsed time: 1.339029 seconds (0d 0h 0m 1s)

---------------  T H R E A D  ---------------

Current thread (0x00007fcdd002a5d0):  JavaThread "main" [_thread_in_native, id=8119, stack(0x00007fcdd8cbe000,0x00007fcdd8dbf000)]

Stack: [0x00007fcdd8cbe000,0x00007fcdd8dbf000],  sp=0x00007fcdd8dbc290,  free space=1016k
Native frames: (J=compiled Java code, A=aot compiled Java code, j=interpreted, Vv=VM code, C=native code)
C  [ld-linux-x86-64.so.2+0x9d0a]

Java frames: (J=compiled Java code, j=interpreted, Vv=VM code)
j  jdk.internal.loader.NativeLibraries.findEntry0(Ljdk/internal/loader/NativeLibraries$NativeLibraryImpl;Ljava/lang/String;)J+0 java.base@15.0.1
j  jdk.internal.loader.NativeLibraries$NativeLibraryImpl.find(Ljava/lang/String;)J+2 java.base@15.0.1
j  jdk.internal.loader.NativeLibraries.find(Ljava/lang/String;)J+50 java.base@15.0.1
j  java.lang.ClassLoader.findNative(Ljava/lang/ClassLoader;Ljava/lang/String;)J+17 java.base@15.0.1
v  ~StubRoutines::call_stub
j  lpsolve.LpSolve.init()V+0
j  lpsolve.LpSolve.<clinit>()V+0
v  ~StubRoutines::call_stub
j  scpsolver.lpsolver.LPSOLVESolver.solve(Lscpsolver/problems/LinearProgram;)[D+33
j  DO.MinMaxSolver.getColPlayersStrategy([[D)[D+149
j  DO.MinMaxSolver.getRowPlayersStrategy([[D)[D+6
j  IAs2.DO.get_distribution([[D)[D+1
j  IAs2.DO.selecionaADV()V+153
j  IAs2.DO.update(Lrts/GameState;ILLS_CFG/Node_LS;)V+304
j  IAs2.Algoritmo1.run(Lrts/GameState;I)V+47
j  Tests.Teste2.main([Ljava/lang/String;)V+273
v  ~StubRoutines::call_stub

siginfo: si_signo: 11 (SIGSEGV), si_code: 1 (SEGV_MAPERR), si_addr: 0x0000000000005f6c

Register to memory mapping:

RAX=0x000000000000008c is an unknown value
RBX=0x000000000000008c is an unknown value
RCX=0x0000000000000002 is an unknown value
RDX=0x0 is NULL
RSP=0x00007fcdd8dbc290 is pointing into the stack for thread: 0x00007fcdd002a5d0
RBP=0x00007fcdd0868e20 points into unknown readable memory: 0x00007fcdb835d000 | 00 d0 35 b8 cd 7f 00 00
RSI=0x0 is NULL
RDI=0x00007fcdd08beeb0 points into unknown readable memory: 0x73706c5f6176614a | 4a 61 76 61 5f 6c 70 73
R8 =0x0 is NULL
R9 =0x0000000000005f68 is an unknown value
R10=0x00007fcdd8df0040: _rtld_global+0x0000000000000000 in /lib64/ld-linux-x86-64.so.2 at 0x00007fcdd8bca000
R11=
[error occurred during error reporting (printing register info), id 0xb, SIGSEGV (0xb) at pc=0x00007fcdd83083c7]

Registers:
RAX=0x000000000000008c, RBX=0x000000000000008c, RCX=0x0000000000000002, RDX=0x0000000000000000
RSP=0x00007fcdd8dbc290, RBP=0x00007fcdd0868e20, RSI=0x0000000000000000, RDI=0x00007fcdd08beeb0
R8 =0x0000000000000000, R9 =0x0000000000005f68, R10=0x00007fcdd8df0040, R11=0x00007fcdb8360dc8
R12=0x0000000000005248, R13=0x000000000000da20, R14=0x00007fcdb8360dd0, R15=0x00000000e3fa9542
RIP=0x00007fcdd8bd3d0a, EFLAGS=0x0000000000010206, CSGSFS=0x002b000000000033, ERR=0x0000000000000004
  TRAPNO=0x000000000000000e

Top of Stack: (sp=0x00007fcdd8dbc290)
0x00007fcdd8dbc290:   00007fcdd8dbcc50 000000000000008c
0x00007fcdd8dbc2a0:   00007fcdd0868e20 0000000000005248
0x00007fcdd8dbc2b0:   000000000000da20 00007fcdd8bd467b
0x00007fcdd8dbc2c0:   000000000000008c 000000000000da20 

Instructions: (pc=0x00007fcdd8bd3d0a)
0x00007fcdd8bd3c0a:   85 c9 0f 85 ce fd ff ff e9 e9 fe ff ff 48 8b 04
0x00007fcdd8bd3c1a:   24 48 c7 80 a8 03 00 00 ff ff ff ff e9 45 fc ff
0x00007fcdd8bd3c2a:   ff 49 c7 81 18 03 00 00 ff ff ff ff e9 b5 fe ff
0x00007fcdd8bd3c3a:   ff 41 8b 47 08 49 8b 0f be 02 00 00 00 8d 50 01
0x00007fcdd8bd3c4a:   eb 06 0f 1f 40 00 89 c2 48 83 c3 08 48 8b 43 f8
0x00007fcdd8bd3c5a:   48 89 f7 48 83 78 20 02 48 0f 43 78 20 8d 42 01
0x00007fcdd8bd3c6a:   48 01 f9 48 83 3b 00 75 dd 41 89 57 08 49 89 0f
0x00007fcdd8bd3c7a:   e9 47 fa ff ff 48 8b 85 b8 00 00 00 48 85 c0 74
0x00007fcdd8bd3c8a:   56 48 8b 55 68 48 8b 70 08 48 8d bd 18 03 00 00
0x00007fcdd8bd3c9a:   48 8d 0d 01 5f 01 00 48 03 72 08 48 89 ea e8 83
0x00007fcdd8bd3caa:   e6 ff ff 84 c0 0f 84 11 fa ff ff 48 8b 9d 18 03
0x00007fcdd8bd3cba:   00 00 48 83 fb ff 0f 84 00 fa ff ff e9 89 fe ff
0x00007fcdd8bd3cca:   ff 49 8b 99 18 03 00 00 48 83 fb ff 0f 84 14 fe
0x00007fcdd8bd3cda:   ff ff e9 19 fd ff ff 48 c7 85 18 03 00 00 ff ff
0x00007fcdd8bd3cea:   ff ff e9 d5 f9 ff ff 66 2e 0f 1f 84 00 00 00 00
0x00007fcdd8bd3cfa:   00 0f 1f 44 00 00 41 55 41 54 55 53 48 83 ec 08
0x00007fcdd8bd3d0a:   41 0f b6 41 04 4c 8b 64 24 40 83 e0 0f 49 83 79
0x00007fcdd8bd3d1a:   08 00 75 08 3c 06 0f 85 01 01 00 00 45 31 d2 66
0x00007fcdd8bd3d2a:   41 83 79 06 00 41 0f 94 c2 45 85 c2 0f 85 eb 00
0x00007fcdd8bd3d3a:   00 00 41 b8 67 04 00 00 41 0f a3 c0 0f 83 db 00
0x00007fcdd8bd3d4a:   00 00 48 89 f0 4c 89 cb 41 89 cd 49 39 c1 48 89
0x00007fcdd8bd3d5a:   d5 48 89 fe 74 18 41 8b 01 48 03 44 24 38 48 89
0x00007fcdd8bd3d6a:   c7 e8 40 1d 01 00 85 c0 0f 85 af 00 00 00 48 85
0x00007fcdd8bd3d7a:   ed 49 8b 84 24 30 03 00 00 74 5b 48 85 c0 0f 84
0x00007fcdd8bd3d8a:   ca 00 00 00 8b 54 24 30 44 0f b7 2c 50 4c 89 e8
0x00007fcdd8bd3d9a:   25 ff 7f 00 00 48 8d 14 40 49 8b 84 24 e0 02 00
0x00007fcdd8bd3daa:   00 48 8d 04 d0 44 8b 60 08 44 3b 65 08 74 7f 8b
0x00007fcdd8bd3dba:   45 0c 85 c0 75 67 45 85 e4 75 62 66 45 85 ed 78
0x00007fcdd8bd3dca:   5c 48 83 c4 08 48 89 d8 5b 5d 41 5c 41 5d c3 0f
0x00007fcdd8bd3dda:   1f 80 00 00 00 00 48 85 c0 74 e6 8b 54 24 30 44
0x00007fcdd8bd3dea:   89 e9 c1 e1 1e c1 f9 1f 83 c1 03 0f b7 04 50 89
0x00007fcdd8bd3dfa:   c2 81 e2 ff 7f 00 00 39 d1 7f c6 66 85 c0 78 1d 


Stack slot to memory mapping:
stack at sp + 0 slots: 0x00007fcdd8dbcc50 is pointing into the stack for thread: 0x00007fcdd002a5d0
stack at sp + 1 slots: 0x000000000000008c is an unknown value
stack at sp + 2 slots: 0x00007fcdd0868e20 points into unknown readable memory: 0x00007fcdb835d000 | 00 d0 35 b8 cd 7f 00 00
stack at sp + 3 slots: 0x0000000000005248 is an unknown value
stack at sp + 4 slots: 0x000000000000da20 is an unknown value
stack at sp + 5 slots: 0x00007fcdd8bd467b: <offset 0x000000000000a67b> in /lib64/ld-linux-x86-64.so.2 at 0x00007fcdd8bca000
stack at sp + 6 slots: 0x000000000000008c is an unknown value
stack at sp + 7 slots: 0x000000000000da20 is an unknown value


---------------  P R O C E S S  ---------------

Threads class SMR info:
_java_thread_list=0x00007fcdd0239bd0, length=10, elements={
0x00007fcdd002a5d0, 0x00007fcdd016ee90, 0x00007fcdd01767e0, 0x00007fcdd018cca0,
0x00007fcdd018e3b0, 0x00007fcdd01927f0, 0x00007fcdd0193fe0, 0x00007fcdd01956e0,
0x00007fcdd02295f0, 0x00007fcdd02364d0
}

Java Threads: ( => current thread )
=>0x00007fcdd002a5d0 JavaThread "main" [_thread_in_native, id=8119, stack(0x00007fcdd8cbe000,0x00007fcdd8dbf000)]
  0x00007fcdd016ee90 JavaThread "Reference Handler" daemon [_thread_blocked, id=8130, stack(0x00007fcdb9581000,0x00007fcdb9682000)]
  0x00007fcdd01767e0 JavaThread "Finalizer" daemon [_thread_blocked, id=8131, stack(0x00007fcdb9480000,0x00007fcdb9581000)]
  0x00007fcdd018cca0 JavaThread "Signal Dispatcher" daemon [_thread_blocked, id=8132, stack(0x00007fcdb90a5000,0x00007fcdb91a6000)]
  0x00007fcdd018e3b0 JavaThread "Service Thread" daemon [_thread_blocked, id=8133, stack(0x00007fcdb8fa4000,0x00007fcdb90a5000)]
  0x00007fcdd01927f0 JavaThread "C2 CompilerThread0" daemon [_thread_in_native, id=8134, stack(0x00007fcdb8ea3000,0x00007fcdb8fa4000)]
  0x00007fcdd0193fe0 JavaThread "C1 CompilerThread0" daemon [_thread_blocked, id=8135, stack(0x00007fcdb8da2000,0x00007fcdb8ea3000)]
  0x00007fcdd01956e0 JavaThread "Sweeper thread" daemon [_thread_blocked, id=8136, stack(0x00007fcdb8ca1000,0x00007fcdb8da2000)]
  0x00007fcdd02295f0 JavaThread "Notification Thread" daemon [_thread_blocked, id=8137, stack(0x00007fcdb8ba0000,0x00007fcdb8ca1000)]
  0x00007fcdd02364d0 JavaThread "Common-Cleaner" daemon [_thread_blocked, id=8139, stack(0x00007fcdb899e000,0x00007fcdb8a9f000)]

Other Threads:
  0x00007fcdd015b500 VMThread "VM Thread" [stack: 0x00007fcdb9683000,0x00007fcdb9783000] [id=8129]
  0x00007fcdd022b660 WatcherThread [stack: 0x00007fcdb8aa0000,0x00007fcdb8ba0000] [id=8138]
  0x00007fcdd0067da0 GCTaskThread "GC Thread#0" [stack: 0x00007fcdd5068000,0x00007fcdd5168000] [id=8124]
  0x00007fcda0000aa0 GCTaskThread "GC Thread#1" [stack: 0x00007fcdb8640000,0x00007fcdb8740000] [id=8140]
  0x00007fcdd0078dc0 ConcurrentGCThread "G1 Main Marker" [stack: 0x00007fcdd4f67000,0x00007fcdd5067000] [id=8125]
  0x00007fcdd007a050 ConcurrentGCThread "G1 Conc#0" [stack: 0x00007fcdd4e66000,0x00007fcdd4f66000] [id=8126]
  0x00007fcdd00df9e0 ConcurrentGCThread "G1 Refine#0" [stack: 0x00007fcdd4961000,0x00007fcdd4a61000] [id=8127]
  0x00007fcdd00e0bf0 ConcurrentGCThread "G1 Young RemSet Sampling" [stack: 0x00007fcdd4860000,0x00007fcdd4960000] [id=8128]

Threads with active compile tasks:
C2 CompilerThread0     1341  752       4       rts.GameState::issueSafe (699 bytes)

VM state: not at safepoint (normal execution)

VM Mutex/Monitor currently owned by a thread: None

Heap address: 0x0000000084a00000, size: 1974 MB, Compressed Oops mode: 32-bit
CDS disabled.
Compressed class space mapped at: 0x0000000100000000-0x0000000140000000, size: 1073741824
Narrow klass base: 0x0000000000000000, Narrow klass shift: 3, Narrow klass range: 0x140000000

GC Precious Log:
 CPUs: 4 total, 4 available
 Memory: 7894M
 Large Page Support: Disabled
 NUMA Support: Disabled
 Compressed Oops: Enabled (32-bit)
 Heap Region Size: 1M
 Heap Min Capacity: 8M
 Heap Initial Capacity: 124M
 Heap Max Capacity: 1974M
 Pre-touch: Disabled
 Parallel Workers: 4
 Concurrent Workers: 1
 Concurrent Refinement Workers: 4
 Periodic GC: Disabled

Heap:
 garbage-first heap   total 126976K, used 69570K [0x0000000084a00000, 0x0000000100000000)
  region size 1024K, 60 young (61440K), 1 survivors (1024K)
 Metaspace       used 10763K, capacity 10906K, committed 11008K, reserved 1058816K
  class space    used 940K, capacity 967K, committed 1024K, reserved 1048576K

Heap Regions: E=young(eden), S=young(survivor), O=old, HS=humongous(starts), HC=humongous(continues), CS=collection set, F=free, OA=open archive, CA=closed archive, TAMS=top-at-mark-start (previous, next)
|   0|0x0000000084a00000, 0x0000000084b00000, 0x0000000084b00000|100%|HS|  |TAMS 0x0000000084a00000, 0x0000000084a00000| Complete 
|   1|0x0000000084b00000, 0x0000000084c00000, 0x0000000084c00000|100%| O|  |TAMS 0x0000000084b00000, 0x0000000084b00000| Untracked 
|   2|0x0000000084c00000, 0x0000000084d00000, 0x0000000084d00000|100%| O|  |TAMS 0x0000000084c00000, 0x0000000084c00000| Untracked 
|   3|0x0000000084d00000, 0x0000000084e00000, 0x0000000084e00000|100%| O|  |TAMS 0x0000000084d00000, 0x0000000084d00000| Untracked 
|   4|0x0000000084e00000, 0x0000000084f00000, 0x0000000084f00000|100%| O|  |TAMS 0x0000000084e00000, 0x0000000084e00000| Untracked 
|   5|0x0000000084f00000, 0x0000000085000000, 0x0000000085000000|100%| O|  |TAMS 0x0000000084f00000, 0x0000000084f00000| Untracked 
|   6|0x0000000085000000, 0x0000000085100000, 0x0000000085100000|100%| O|  |TAMS 0x0000000085000000, 0x0000000085000000| Untracked 
|   7|0x0000000085100000, 0x0000000085200000, 0x0000000085200000|100%| O|  |TAMS 0x0000000085100000, 0x0000000085100000| Untracked 
|   8|0x0000000085200000, 0x0000000085300000, 0x0000000085300000|100%| O|  |TAMS 0x0000000085200000, 0x0000000085200000| Untracked 
|   9|0x0000000085300000, 0x00000000853bf200, 0x0000000085400000| 74%| O|  |TAMS 0x0000000085300000, 0x0000000085300000| Untracked 
|  10|0x0000000085400000, 0x0000000085400000, 0x0000000085500000|  0%| F|  |TAMS 0x0000000085400000, 0x0000000085400000| Untracked 
|  11|0x0000000085500000, 0x0000000085500000, 0x0000000085600000|  0%| F|  |TAMS 0x0000000085500000, 0x0000000085500000| Untracked 
|  12|0x0000000085600000, 0x0000000085600000, 0x0000000085700000|  0%| F|  |TAMS 0x0000000085600000, 0x0000000085600000| Untracked 
|  13|0x0000000085700000, 0x0000000085700000, 0x0000000085800000|  0%| F|  |TAMS 0x0000000085700000, 0x0000000085700000| Untracked 
|  14|0x0000000085800000, 0x0000000085800000, 0x0000000085900000|  0%| F|  |TAMS 0x0000000085800000, 0x0000000085800000| Untracked 
|  15|0x0000000085900000, 0x0000000085900000, 0x0000000085a00000|  0%| F|  |TAMS 0x0000000085900000, 0x0000000085900000| Untracked 
|  16|0x0000000085a00000, 0x0000000085a00000, 0x0000000085b00000|  0%| F|  |TAMS 0x0000000085a00000, 0x0000000085a00000| Untracked 
|  17|0x0000000085b00000, 0x0000000085b00000, 0x0000000085c00000|  0%| F|  |TAMS 0x0000000085b00000, 0x0000000085b00000| Untracked 
|  18|0x0000000085c00000, 0x0000000085c00000, 0x0000000085d00000|  0%| F|  |TAMS 0x0000000085c00000, 0x0000000085c00000| Untracked 
|  19|0x0000000085d00000, 0x0000000085d00000, 0x0000000085e00000|  0%| F|  |TAMS 0x0000000085d00000, 0x0000000085d00000| Untracked 
|  20|0x0000000085e00000, 0x0000000085e00000, 0x0000000085f00000|  0%| F|  |TAMS 0x0000000085e00000, 0x0000000085e00000| Untracked 
|  21|0x0000000085f00000, 0x0000000085f00000, 0x0000000086000000|  0%| F|  |TAMS 0x0000000085f00000, 0x0000000085f00000| Untracked 
|  22|0x0000000086000000, 0x0000000086000000, 0x0000000086100000|  0%| F|  |TAMS 0x0000000086000000, 0x0000000086000000| Untracked 
|  23|0x0000000086100000, 0x0000000086100000, 0x0000000086200000|  0%| F|  |TAMS 0x0000000086100000, 0x0000000086100000| Untracked 
|  24|0x0000000086200000, 0x0000000086200000, 0x0000000086300000|  0%| F|  |TAMS 0x0000000086200000, 0x0000000086200000| Untracked 
|  25|0x0000000086300000, 0x0000000086300000, 0x0000000086400000|  0%| F|  |TAMS 0x0000000086300000, 0x0000000086300000| Untracked 
|  26|0x0000000086400000, 0x0000000086400000, 0x0000000086500000|  0%| F|  |TAMS 0x0000000086400000, 0x0000000086400000| Untracked 
|  27|0x0000000086500000, 0x0000000086500000, 0x0000000086600000|  0%| F|  |TAMS 0x0000000086500000, 0x0000000086500000| Untracked 
|  28|0x0000000086600000, 0x0000000086600000, 0x0000000086700000|  0%| F|  |TAMS 0x0000000086600000, 0x0000000086600000| Untracked 
|  29|0x0000000086700000, 0x0000000086700000, 0x0000000086800000|  0%| F|  |TAMS 0x0000000086700000, 0x0000000086700000| Untracked 
|  30|0x0000000086800000, 0x0000000086800000, 0x0000000086900000|  0%| F|  |TAMS 0x0000000086800000, 0x0000000086800000| Untracked 
|  31|0x0000000086900000, 0x0000000086900000, 0x0000000086a00000|  0%| F|  |TAMS 0x0000000086900000, 0x0000000086900000| Untracked 
|  32|0x0000000086a00000, 0x0000000086a00000, 0x0000000086b00000|  0%| F|  |TAMS 0x0000000086a00000, 0x0000000086a00000| Untracked 
|  33|0x0000000086b00000, 0x0000000086b00000, 0x0000000086c00000|  0%| F|  |TAMS 0x0000000086b00000, 0x0000000086b00000| Untracked 
|  34|0x0000000086c00000, 0x0000000086c00000, 0x0000000086d00000|  0%| F|  |TAMS 0x0000000086c00000, 0x0000000086c00000| Untracked 
|  35|0x0000000086d00000, 0x0000000086d00000, 0x0000000086e00000|  0%| F|  |TAMS 0x0000000086d00000, 0x0000000086d00000| Untracked 
|  36|0x0000000086e00000, 0x0000000086e00000, 0x0000000086f00000|  0%| F|  |TAMS 0x0000000086e00000, 0x0000000086e00000| Untracked 
|  37|0x0000000086f00000, 0x0000000086f00000, 0x0000000087000000|  0%| F|  |TAMS 0x0000000086f00000, 0x0000000086f00000| Untracked 
|  38|0x0000000087000000, 0x0000000087000000, 0x0000000087100000|  0%| F|  |TAMS 0x0000000087000000, 0x0000000087000000| Untracked 
|  39|0x0000000087100000, 0x0000000087100000, 0x0000000087200000|  0%| F|  |TAMS 0x0000000087100000, 0x0000000087100000| Untracked 
|  40|0x0000000087200000, 0x0000000087200000, 0x0000000087300000|  0%| F|  |TAMS 0x0000000087200000, 0x0000000087200000| Untracked 
|  41|0x0000000087300000, 0x0000000087300000, 0x0000000087400000|  0%| F|  |TAMS 0x0000000087300000, 0x0000000087300000| Untracked 
|  42|0x0000000087400000, 0x0000000087400000, 0x0000000087500000|  0%| F|  |TAMS 0x0000000087400000, 0x0000000087400000| Untracked 
|  43|0x0000000087500000, 0x0000000087500000, 0x0000000087600000|  0%| F|  |TAMS 0x0000000087500000, 0x0000000087500000| Untracked 
|  44|0x0000000087600000, 0x0000000087600000, 0x0000000087700000|  0%| F|  |TAMS 0x0000000087600000, 0x0000000087600000| Untracked 
|  45|0x0000000087700000, 0x0000000087700000, 0x0000000087800000|  0%| F|  |TAMS 0x0000000087700000, 0x0000000087700000| Untracked 
|  46|0x0000000087800000, 0x0000000087800000, 0x0000000087900000|  0%| F|  |TAMS 0x0000000087800000, 0x0000000087800000| Untracked 
|  47|0x0000000087900000, 0x0000000087900000, 0x0000000087a00000|  0%| F|  |TAMS 0x0000000087900000, 0x0000000087900000| Untracked 
|  48|0x0000000087a00000, 0x0000000087a00000, 0x0000000087b00000|  0%| F|  |TAMS 0x0000000087a00000, 0x0000000087a00000| Untracked 
|  49|0x0000000087b00000, 0x0000000087b00000, 0x0000000087c00000|  0%| F|  |TAMS 0x0000000087b00000, 0x0000000087b00000| Untracked 
|  50|0x0000000087c00000, 0x0000000087c316a0, 0x0000000087d00000| 19%| S|CS|TAMS 0x0000000087c00000, 0x0000000087c00000| Complete 
|  51|0x0000000087d00000, 0x0000000087d00000, 0x0000000087e00000|  0%| F|  |TAMS 0x0000000087d00000, 0x0000000087d00000| Untracked 
|  52|0x0000000087e00000, 0x0000000087e00000, 0x0000000087f00000|  0%| F|  |TAMS 0x0000000087e00000, 0x0000000087e00000| Untracked 
|  53|0x0000000087f00000, 0x0000000087f00000, 0x0000000088000000|  0%| F|  |TAMS 0x0000000087f00000, 0x0000000087f00000| Untracked 
|  54|0x0000000088000000, 0x0000000088000000, 0x0000000088100000|  0%| F|  |TAMS 0x0000000088000000, 0x0000000088000000| Untracked 
|  55|0x0000000088100000, 0x0000000088100000, 0x0000000088200000|  0%| F|  |TAMS 0x0000000088100000, 0x0000000088100000| Untracked 
|  56|0x0000000088200000, 0x0000000088200000, 0x0000000088300000|  0%| F|  |TAMS 0x0000000088200000, 0x0000000088200000| Untracked 
|  57|0x0000000088300000, 0x0000000088300000, 0x0000000088400000|  0%| F|  |TAMS 0x0000000088300000, 0x0000000088300000| Untracked 
|  58|0x0000000088400000, 0x0000000088400000, 0x0000000088500000|  0%| F|  |TAMS 0x0000000088400000, 0x0000000088400000| Untracked 
|  59|0x0000000088500000, 0x0000000088500000, 0x0000000088600000|  0%| F|  |TAMS 0x0000000088500000, 0x0000000088500000| Untracked 
|  60|0x0000000088600000, 0x0000000088600000, 0x0000000088700000|  0%| F|  |TAMS 0x0000000088600000, 0x0000000088600000| Untracked 
|  61|0x0000000088700000, 0x0000000088700000, 0x0000000088800000|  0%| F|  |TAMS 0x0000000088700000, 0x0000000088700000| Untracked 
|  62|0x0000000088800000, 0x0000000088800000, 0x0000000088900000|  0%| F|  |TAMS 0x0000000088800000, 0x0000000088800000| Untracked 
|  63|0x0000000088900000, 0x0000000088900000, 0x0000000088a00000|  0%| F|  |TAMS 0x0000000088900000, 0x0000000088900000| Untracked 
|  64|0x0000000088a00000, 0x0000000088a00000, 0x0000000088b00000|  0%| F|  |TAMS 0x0000000088a00000, 0x0000000088a00000| Untracked 
|  65|0x0000000088b00000, 0x0000000088b80800, 0x0000000088c00000| 50%| E|  |TAMS 0x0000000088b00000, 0x0000000088b00000| Complete 
|  66|0x0000000088c00000, 0x0000000088d00000, 0x0000000088d00000|100%| E|CS|TAMS 0x0000000088c00000, 0x0000000088c00000| Complete 
|  67|0x0000000088d00000, 0x0000000088e00000, 0x0000000088e00000|100%| E|CS|TAMS 0x0000000088d00000, 0x0000000088d00000| Complete 
|  68|0x0000000088e00000, 0x0000000088f00000, 0x0000000088f00000|100%| E|CS|TAMS 0x0000000088e00000, 0x0000000088e00000| Complete 
|  69|0x0000000088f00000, 0x0000000089000000, 0x0000000089000000|100%| E|CS|TAMS 0x0000000088f00000, 0x0000000088f00000| Complete 
|  70|0x0000000089000000, 0x0000000089100000, 0x0000000089100000|100%| E|CS|TAMS 0x0000000089000000, 0x0000000089000000| Complete 
|  71|0x0000000089100000, 0x0000000089200000, 0x0000000089200000|100%| E|CS|TAMS 0x0000000089100000, 0x0000000089100000| Complete 
|  72|0x0000000089200000, 0x0000000089300000, 0x0000000089300000|100%| E|CS|TAMS 0x0000000089200000, 0x0000000089200000| Complete 
|  73|0x0000000089300000, 0x0000000089400000, 0x0000000089400000|100%| E|CS|TAMS 0x0000000089300000, 0x0000000089300000| Complete 
|  74|0x0000000089400000, 0x0000000089500000, 0x0000000089500000|100%| E|CS|TAMS 0x0000000089400000, 0x0000000089400000| Complete 
|  75|0x0000000089500000, 0x0000000089600000, 0x0000000089600000|100%| E|CS|TAMS 0x0000000089500000, 0x0000000089500000| Complete 
|  76|0x0000000089600000, 0x0000000089700000, 0x0000000089700000|100%| E|CS|TAMS 0x0000000089600000, 0x0000000089600000| Complete 
|  77|0x0000000089700000, 0x0000000089800000, 0x0000000089800000|100%| E|CS|TAMS 0x0000000089700000, 0x0000000089700000| Complete 
|  78|0x0000000089800000, 0x0000000089900000, 0x0000000089900000|100%| E|CS|TAMS 0x0000000089800000, 0x0000000089800000| Complete 
|  79|0x0000000089900000, 0x0000000089a00000, 0x0000000089a00000|100%| E|CS|TAMS 0x0000000089900000, 0x0000000089900000| Complete 
|  80|0x0000000089a00000, 0x0000000089b00000, 0x0000000089b00000|100%| E|CS|TAMS 0x0000000089a00000, 0x0000000089a00000| Complete 
|  81|0x0000000089b00000, 0x0000000089c00000, 0x0000000089c00000|100%| E|CS|TAMS 0x0000000089b00000, 0x0000000089b00000| Complete 
|  82|0x0000000089c00000, 0x0000000089d00000, 0x0000000089d00000|100%| E|CS|TAMS 0x0000000089c00000, 0x0000000089c00000| Complete 
|  83|0x0000000089d00000, 0x0000000089e00000, 0x0000000089e00000|100%| E|CS|TAMS 0x0000000089d00000, 0x0000000089d00000| Complete 
|  84|0x0000000089e00000, 0x0000000089f00000, 0x0000000089f00000|100%| E|CS|TAMS 0x0000000089e00000, 0x0000000089e00000| Complete 
|  85|0x0000000089f00000, 0x000000008a000000, 0x000000008a000000|100%| E|CS|TAMS 0x0000000089f00000, 0x0000000089f00000| Complete 
|  86|0x000000008a000000, 0x000000008a100000, 0x000000008a100000|100%| E|CS|TAMS 0x000000008a000000, 0x000000008a000000| Complete 
|  87|0x000000008a100000, 0x000000008a200000, 0x000000008a200000|100%| E|CS|TAMS 0x000000008a100000, 0x000000008a100000| Complete 
|  88|0x000000008a200000, 0x000000008a300000, 0x000000008a300000|100%| E|CS|TAMS 0x000000008a200000, 0x000000008a200000| Complete 
|  89|0x000000008a300000, 0x000000008a400000, 0x000000008a400000|100%| E|CS|TAMS 0x000000008a300000, 0x000000008a300000| Complete 
|  90|0x000000008a400000, 0x000000008a500000, 0x000000008a500000|100%| E|CS|TAMS 0x000000008a400000, 0x000000008a400000| Complete 
|  91|0x000000008a500000, 0x000000008a600000, 0x000000008a600000|100%| E|CS|TAMS 0x000000008a500000, 0x000000008a500000| Complete 
|  92|0x000000008a600000, 0x000000008a700000, 0x000000008a700000|100%| E|CS|TAMS 0x000000008a600000, 0x000000008a600000| Complete 
|  93|0x000000008a700000, 0x000000008a800000, 0x000000008a800000|100%| E|CS|TAMS 0x000000008a700000, 0x000000008a700000| Complete 
|  94|0x000000008a800000, 0x000000008a900000, 0x000000008a900000|100%| E|CS|TAMS 0x000000008a800000, 0x000000008a800000| Complete 
|  95|0x000000008a900000, 0x000000008aa00000, 0x000000008aa00000|100%| E|CS|TAMS 0x000000008a900000, 0x000000008a900000| Complete 
|  96|0x000000008aa00000, 0x000000008ab00000, 0x000000008ab00000|100%| E|CS|TAMS 0x000000008aa00000, 0x000000008aa00000| Complete 
|  97|0x000000008ab00000, 0x000000008ac00000, 0x000000008ac00000|100%| E|CS|TAMS 0x000000008ab00000, 0x000000008ab00000| Complete 
|  98|0x000000008ac00000, 0x000000008ad00000, 0x000000008ad00000|100%| E|CS|TAMS 0x000000008ac00000, 0x000000008ac00000| Complete 
|  99|0x000000008ad00000, 0x000000008ae00000, 0x000000008ae00000|100%| E|CS|TAMS 0x000000008ad00000, 0x000000008ad00000| Complete 
| 100|0x000000008ae00000, 0x000000008af00000, 0x000000008af00000|100%| E|CS|TAMS 0x000000008ae00000, 0x000000008ae00000| Complete 
| 101|0x000000008af00000, 0x000000008b000000, 0x000000008b000000|100%| E|CS|TAMS 0x000000008af00000, 0x000000008af00000| Complete 
| 102|0x000000008b000000, 0x000000008b100000, 0x000000008b100000|100%| E|CS|TAMS 0x000000008b000000, 0x000000008b000000| Complete 
| 103|0x000000008b100000, 0x000000008b200000, 0x000000008b200000|100%| E|CS|TAMS 0x000000008b100000, 0x000000008b100000| Complete 
| 104|0x000000008b200000, 0x000000008b300000, 0x000000008b300000|100%| E|CS|TAMS 0x000000008b200000, 0x000000008b200000| Complete 
| 105|0x000000008b300000, 0x000000008b400000, 0x000000008b400000|100%| E|CS|TAMS 0x000000008b300000, 0x000000008b300000| Complete 
| 106|0x000000008b400000, 0x000000008b500000, 0x000000008b500000|100%| E|CS|TAMS 0x000000008b400000, 0x000000008b400000| Complete 
| 107|0x000000008b500000, 0x000000008b600000, 0x000000008b600000|100%| E|CS|TAMS 0x000000008b500000, 0x000000008b500000| Complete 
| 108|0x000000008b600000, 0x000000008b700000, 0x000000008b700000|100%| E|CS|TAMS 0x000000008b600000, 0x000000008b600000| Complete 
| 109|0x000000008b700000, 0x000000008b800000, 0x000000008b800000|100%| E|CS|TAMS 0x000000008b700000, 0x000000008b700000| Complete 
| 110|0x000000008b800000, 0x000000008b900000, 0x000000008b900000|100%| E|CS|TAMS 0x000000008b800000, 0x000000008b800000| Complete 
| 111|0x000000008b900000, 0x000000008ba00000, 0x000000008ba00000|100%| E|CS|TAMS 0x000000008b900000, 0x000000008b900000| Complete 
| 112|0x000000008ba00000, 0x000000008bb00000, 0x000000008bb00000|100%| E|CS|TAMS 0x000000008ba00000, 0x000000008ba00000| Complete 
| 113|0x000000008bb00000, 0x000000008bc00000, 0x000000008bc00000|100%| E|CS|TAMS 0x000000008bb00000, 0x000000008bb00000| Complete 
| 114|0x000000008bc00000, 0x000000008bd00000, 0x000000008bd00000|100%| E|CS|TAMS 0x000000008bc00000, 0x000000008bc00000| Complete 
| 115|0x000000008bd00000, 0x000000008be00000, 0x000000008be00000|100%| E|CS|TAMS 0x000000008bd00000, 0x000000008bd00000| Complete 
| 116|0x000000008be00000, 0x000000008bf00000, 0x000000008bf00000|100%| E|CS|TAMS 0x000000008be00000, 0x000000008be00000| Complete 
| 117|0x000000008bf00000, 0x000000008c000000, 0x000000008c000000|100%| E|CS|TAMS 0x000000008bf00000, 0x000000008bf00000| Complete 
| 118|0x000000008c000000, 0x000000008c100000, 0x000000008c100000|100%| E|CS|TAMS 0x000000008c000000, 0x000000008c000000| Complete 
| 119|0x000000008c100000, 0x000000008c200000, 0x000000008c200000|100%| E|CS|TAMS 0x000000008c100000, 0x000000008c100000| Complete 
| 120|0x000000008c200000, 0x000000008c300000, 0x000000008c300000|100%| E|CS|TAMS 0x000000008c200000, 0x000000008c200000| Complete 
| 121|0x000000008c300000, 0x000000008c400000, 0x000000008c400000|100%| E|CS|TAMS 0x000000008c300000, 0x000000008c300000| Complete 
| 122|0x000000008c400000, 0x000000008c500000, 0x000000008c500000|100%| E|CS|TAMS 0x000000008c400000, 0x000000008c400000| Complete 
| 123|0x000000008c500000, 0x000000008c600000, 0x000000008c600000|100%| E|CS|TAMS 0x000000008c500000, 0x000000008c500000| Complete 

Card table byte_map: [0x00007fcdd5543000,0x00007fcdd591e000] _byte_map_base: 0x00007fcdd511e000

Marking Bits (Prev, Next): (CMBitMap*) 0x00007fcdd0068b40, (CMBitMap*) 0x00007fcdd0068b80
 Prev Bits: [0x00007fcdbb737000, 0x00007fcdbd60f000)
 Next Bits: [0x00007fcdb985f000, 0x00007fcdbb737000)

Polling page: 0x00007fcdd8deb000

Metaspace:

Usage:
  Non-class:      9,71 MB capacity,     9,59 MB ( 99%) used,   106,53 KB (  1%) free+waste,     9,38 KB ( <1%) overhead. 
      Class:    967,00 KB capacity,   940,62 KB ( 97%) used,    23,32 KB (  2%) free+waste,     3,06 KB ( <1%) overhead. 
       Both:     10,65 MB capacity,    10,51 MB ( 99%) used,   129,85 KB (  1%) free+waste,    12,44 KB ( <1%) overhead. 

Virtual space:
  Non-class space:       10,00 MB reserved,       9,75 MB ( 98%) committed 
      Class space:        1,00 GB reserved,       1,00 MB ( <1%) committed 
             Both:        1,01 GB reserved,      10,75 MB (  1%) committed 

Chunk freelists:
   Non-Class:  45,00 KB
       Class:  25,00 KB
        Both:  70,00 KB

MaxMetaspaceSize: 17179869184,00 GB
CompressedClassSpaceSize: 1,00 GB

CodeHeap 'non-profiled nmethods': size=120032Kb used=426Kb max_used=426Kb free=119606Kb
 bounds [0x00007fcdc50d7000, 0x00007fcdc5347000, 0x00007fcdcc60f000]
CodeHeap 'profiled nmethods': size=120028Kb used=2607Kb max_used=2607Kb free=117420Kb
 bounds [0x00007fcdbdba0000, 0x00007fcdbde30000, 0x00007fcdc50d7000]
CodeHeap 'non-nmethods': size=5700Kb used=1129Kb max_used=1175Kb free=4570Kb
 bounds [0x00007fcdbd60f000, 0x00007fcdbd87f000, 0x00007fcdbdba0000]
 total_blobs=1623 nmethods=1244 adapters=293
 compilation: enabled
              stopped_count=0, restarted_count=0
 full_count=0

Compilation events (20 events):
Event: 1,298 Thread 0x00007fcdd0193fe0 1302       2       java.lang.String::toCharArray (25 bytes)
Event: 1,299 Thread 0x00007fcdd0193fe0 nmethod 1302 0x00007fcdbde29510 code [0x00007fcdbde296c0, 0x00007fcdbde29810]
Event: 1,299 Thread 0x00007fcdd0193fe0 1303       2       java.lang.StringLatin1::toChars (16 bytes)
Event: 1,299 Thread 0x00007fcdd0193fe0 nmethod 1303 0x00007fcdbde29910 code [0x00007fcdbde29aa0, 0x00007fcdbde29c40]
Event: 1,310 Thread 0x00007fcdd0193fe0 1304       2       jdk.internal.misc.VM::initLevel (4 bytes)
Event: 1,310 Thread 0x00007fcdd0193fe0 nmethod 1304 0x00007fcdbde29d10 code [0x00007fcdbde29ea0, 0x00007fcdbde29f90]
Event: 1,310 Thread 0x00007fcdd0193fe0 1305       2       jdk.internal.misc.VM::isModuleSystemInited (13 bytes)
Event: 1,310 Thread 0x00007fcdd0193fe0 nmethod 1305 0x00007fcdbde2a010 code [0x00007fcdbde2a1a0, 0x00007fcdbde2a290]
Event: 1,310 Thread 0x00007fcdd0193fe0 1306  s    2       jdk.internal.perf.PerfCounter::add (18 bytes)
Event: 1,310 Thread 0x00007fcdd0193fe0 nmethod 1306 0x00007fcdbde2a310 code [0x00007fcdbde2a4c0, 0x00007fcdbde2a7b0]
Event: 1,310 Thread 0x00007fcdd0193fe0 1307  s    2       jdk.internal.perf.PerfCounter::get (9 bytes)
Event: 1,310 Thread 0x00007fcdd0193fe0 nmethod 1307 0x00007fcdbde2a910 code [0x00007fcdbde2aaa0, 0x00007fcdbde2ac80]
Event: 1,310 Thread 0x00007fcdd0193fe0 1308   !   2       java.nio.DirectLongBufferU::get (35 bytes)
Event: 1,310 Thread 0x00007fcdd0193fe0 nmethod 1308 0x00007fcdbde2ad10 code [0x00007fcdbde2aec0, 0x00007fcdbde2b070]
Event: 1,310 Thread 0x00007fcdd0193fe0 1309       2       jdk.internal.misc.Unsafe::getLong (7 bytes)
Event: 1,311 Thread 0x00007fcdd0193fe0 nmethod 1309 0x00007fcdbde2b210 code [0x00007fcdbde2b3a0, 0x00007fcdbde2b4b0]
Event: 1,311 Thread 0x00007fcdd0193fe0 1311   !   2       java.nio.DirectLongBufferU::put (38 bytes)
Event: 1,311 Thread 0x00007fcdd0193fe0 nmethod 1311 0x00007fcdbde2b510 code [0x00007fcdbde2b6c0, 0x00007fcdbde2b870]
Event: 1,314 Thread 0x00007fcdd0193fe0 1312   !   2       java.util.zip.Inflater::needsInput (55 bytes)
Event: 1,314 Thread 0x00007fcdd0193fe0 nmethod 1312 0x00007fcdbde2ba90 code [0x00007fcdbde2bc20, 0x00007fcdbde2be50]

GC Heap History (10 events):
Event: 0,345 GC heap before
{Heap before GC invocations=0 (full 0):
 garbage-first heap   total 126976K, used 13312K [0x0000000084a00000, 0x0000000100000000)
  region size 1024K, 13 young (13312K), 0 survivors (0K)
 Metaspace       used 9002K, capacity 9089K, committed 9344K, reserved 1058816K
  class space    used 783K, capacity 831K, committed 896K, reserved 1048576K
}
Event: 0,349 GC heap after
{Heap after GC invocations=1 (full 0):
 garbage-first heap   total 126976K, used 10137K [0x0000000084a00000, 0x0000000100000000)
  region size 1024K, 2 young (2048K), 2 survivors (2048K)
 Metaspace       used 9002K, capacity 9089K, committed 9344K, reserved 1058816K
  class space    used 783K, capacity 831K, committed 896K, reserved 1048576K
}
Event: 0,378 GC heap before
{Heap before GC invocations=1 (full 0):
 garbage-first heap   total 126976K, used 19353K [0x0000000084a00000, 0x0000000100000000)
  region size 1024K, 11 young (11264K), 2 survivors (2048K)
 Metaspace       used 9069K, capacity 9153K, committed 9344K, reserved 1058816K
  class space    used 783K, capacity 831K, committed 896K, reserved 1048576K
}
Event: 0,380 GC heap after
{Heap after GC invocations=2 (full 0):
 garbage-first heap   total 126976K, used 10015K [0x0000000084a00000, 0x0000000100000000)
  region size 1024K, 1 young (1024K), 1 survivors (1024K)
 Metaspace       used 9069K, capacity 9153K, committed 9344K, reserved 1058816K
  class space    used 783K, capacity 831K, committed 896K, reserved 1048576K
}
Event: 0,443 GC heap before
{Heap before GC invocations=2 (full 0):
 garbage-first heap   total 126976K, used 31519K [0x0000000084a00000, 0x0000000100000000)
  region size 1024K, 22 young (22528K), 1 survivors (1024K)
 Metaspace       used 9410K, capacity 9505K, committed 9600K, reserved 1058816K
  class space    used 821K, capacity 863K, committed 896K, reserved 1048576K
}
Event: 0,444 GC heap after
{Heap after GC invocations=3 (full 0):
 garbage-first heap   total 126976K, used 10046K [0x0000000084a00000, 0x0000000100000000)
  region size 1024K, 1 young (1024K), 1 survivors (1024K)
 Metaspace       used 9410K, capacity 9505K, committed 9600K, reserved 1058816K
  class space    used 821K, capacity 863K, committed 896K, reserved 1048576K
}
Event: 0,775 GC heap before
{Heap before GC invocations=3 (full 0):
 garbage-first heap   total 126976K, used 84798K [0x0000000084a00000, 0x0000000100000000)
  region size 1024K, 74 young (75776K), 1 survivors (1024K)
 Metaspace       used 10299K, capacity 10426K, committed 10752K, reserved 1058816K
  class space    used 901K, capacity 935K, committed 1024K, reserved 1048576K
}
Event: 0,776 GC heap after
{Heap after GC invocations=4 (full 0):
 garbage-first heap   total 126976K, used 10162K [0x0000000084a00000, 0x0000000100000000)
  region size 1024K, 1 young (1024K), 1 survivors (1024K)
 Metaspace       used 10299K, capacity 10426K, committed 10752K, reserved 1058816K
  class space    used 901K, capacity 935K, committed 1024K, reserved 1048576K
}
Event: 1,026 GC heap before
{Heap before GC invocations=4 (full 0):
 garbage-first heap   total 126976K, used 84914K [0x0000000084a00000, 0x0000000100000000)
  region size 1024K, 74 young (75776K), 1 survivors (1024K)
 Metaspace       used 10329K, capacity 10426K, committed 10752K, reserved 1058816K
  class space    used 902K, capacity 935K, committed 1024K, reserved 1048576K
}
Event: 1,027 GC heap after
{Heap after GC invocations=5 (full 0):
 garbage-first heap   total 126976K, used 10178K [0x0000000084a00000, 0x0000000100000000)
  region size 1024K, 1 young (1024K), 1 survivors (1024K)
 Metaspace       used 10329K, capacity 10426K, committed 10752K, reserved 1058816K
  class space    used 902K, capacity 935K, committed 1024K, reserved 1048576K
}

Deoptimization events (20 events):
Event: 1,257 Thread 0x00007fcdd002a5d0 DEOPT PACKING pc=0x00007fcdbde0bdea sp=0x00007fcdd8dbd240
Event: 1,257 Thread 0x00007fcdd002a5d0 DEOPT UNPACKING pc=0x00007fcdbd65cf2b sp=0x00007fcdd8dbc9a0 mode 0
Event: 1,267 Thread 0x00007fcdd002a5d0 DEOPT PACKING pc=0x00007fcdbde0bdea sp=0x00007fcdd8dbd240
Event: 1,267 Thread 0x00007fcdd002a5d0 DEOPT UNPACKING pc=0x00007fcdbd65cf2b sp=0x00007fcdd8dbc9a0 mode 0
Event: 1,279 Thread 0x00007fcdd002a5d0 DEOPT PACKING pc=0x00007fcdbde0bdea sp=0x00007fcdd8dbd240
Event: 1,279 Thread 0x00007fcdd002a5d0 DEOPT UNPACKING pc=0x00007fcdbd65cf2b sp=0x00007fcdd8dbc9a0 mode 0
Event: 1,288 Thread 0x00007fcdd002a5d0 DEOPT PACKING pc=0x00007fcdbde0bdea sp=0x00007fcdd8dbd240
Event: 1,288 Thread 0x00007fcdd002a5d0 DEOPT UNPACKING pc=0x00007fcdbd65cf2b sp=0x00007fcdd8dbc9a0 mode 0
Event: 1,297 Thread 0x00007fcdd002a5d0 DEOPT PACKING pc=0x00007fcdbde0bdea sp=0x00007fcdd8dbd240
Event: 1,297 Thread 0x00007fcdd002a5d0 DEOPT UNPACKING pc=0x00007fcdbd65cf2b sp=0x00007fcdd8dbc9a0 mode 0
Event: 1,307 Thread 0x00007fcdd002a5d0 DEOPT PACKING pc=0x00007fcdbde0bdea sp=0x00007fcdd8dbd240
Event: 1,307 Thread 0x00007fcdd002a5d0 DEOPT UNPACKING pc=0x00007fcdbd65cf2b sp=0x00007fcdd8dbc9a0 mode 0
Event: 1,310 Thread 0x00007fcdd002a5d0 Uncommon trap: trap_request=0xffffffde fr.pc=0x00007fcdc51367c0 relative=0x00000000000009c0
Event: 1,310 Thread 0x00007fcdd002a5d0 Uncommon trap: reason=class_check action=maybe_recompile pc=0x00007fcdc51367c0 method=java.util.regex.Pattern$Slice.match(Ljava/util/regex/Matcher;ILjava/lang/CharSequence;)Z @ 75 c2
Event: 1,310 Thread 0x00007fcdd002a5d0 DEOPT PACKING pc=0x00007fcdc51367c0 sp=0x00007fcdd8dbd1c0
Event: 1,310 Thread 0x00007fcdd002a5d0 DEOPT UNPACKING pc=0x00007fcdbd65d125 sp=0x00007fcdd8dbd068 mode 2
Event: 1,310 Thread 0x00007fcdd002a5d0 Uncommon trap: trap_request=0xffffffde fr.pc=0x00007fcdc51367c0 relative=0x00000000000009c0
Event: 1,310 Thread 0x00007fcdd002a5d0 Uncommon trap: reason=class_check action=maybe_recompile pc=0x00007fcdc51367c0 method=java.util.regex.Pattern$Slice.match(Ljava/util/regex/Matcher;ILjava/lang/CharSequence;)Z @ 75 c2
Event: 1,310 Thread 0x00007fcdd002a5d0 DEOPT PACKING pc=0x00007fcdc51367c0 sp=0x00007fcdd8dbd1c0
Event: 1,310 Thread 0x00007fcdd002a5d0 DEOPT UNPACKING pc=0x00007fcdbd65d125 sp=0x00007fcdd8dbd068 mode 2

Classes unloaded (0 events):
No events

Classes redefined (0 events):
No events

Internal exceptions (20 events):
Event: 0,484 Thread 0x00007fcdd002a5d0 Exception <a 'java/lang/NullPointerException'{0x000000008bdab058}> (0x000000008bdab058) 
thrown [open/src/hotspot/share/runtime/sharedRuntime.cpp, line 585]
Event: 0,484 Thread 0x00007fcdd002a5d0 Implicit null exception at 0x00007fcdbdccfb6c to 0x00007fcdbdccff6d
Event: 0,484 Thread 0x00007fcdd002a5d0 Exception <a 'java/lang/NullPointerException'{0x000000008bdb2810}> (0x000000008bdb2810) 
thrown [open/src/hotspot/share/runtime/sharedRuntime.cpp, line 585]
Event: 0,484 Thread 0x00007fcdd002a5d0 Implicit null exception at 0x00007fcdbdccfb6c to 0x00007fcdbdccff6d
Event: 0,484 Thread 0x00007fcdd002a5d0 Exception <a 'java/lang/NullPointerException'{0x000000008bdb9838}> (0x000000008bdb9838) 
thrown [open/src/hotspot/share/runtime/sharedRuntime.cpp, line 585]
Event: 0,522 Thread 0x00007fcdd002a5d0 Exception <a 'java/lang/NoSuchMethodError'{0x000000008a4bebe8}: 'java.lang.Object java.lang.invoke.Invokers$Holder.invokeExact_MT(java.lang.Object, java.lang.Object, java.lang.Object, java.lang.Object, java.lang.Object, java.lang.Object)'> (0x000000008a4bebe8) 
thrown [open/src/hotspot/share/interpreter/linkResolver.cpp, line 781]
Event: 0,528 Thread 0x00007fcdd002a5d0 Exception <a 'java/lang/NoSuchMethodError'{0x000000008a4d9728}: 'int java.lang.invoke.DirectMethodHandle$Holder.invokeVirtual(java.lang.Object, java.lang.Object)'> (0x000000008a4d9728) 
thrown [open/src/hotspot/share/interpreter/linkResolver.cpp, line 781]
Event: 0,531 Thread 0x00007fcdd002a5d0 Exception <a 'java/lang/NoSuchMethodError'{0x000000008a4e63c0}: 'int java.lang.invoke.DirectMethodHandle$Holder.invokeSpecial(java.lang.Object, java.lang.Object, java.lang.Object)'> (0x000000008a4e63c0) 
thrown [open/src/hotspot/share/interpreter/linkResolver.cpp, line 781]
Event: 0,538 Thread 0x00007fcdd002a5d0 Exception <a 'java/lang/NoSuchMethodError'{0x000000008a3120b0}: 'int java.lang.invoke.DirectMethodHandle$Holder.invokeSpecial(java.lang.Object, java.lang.Object, java.lang.Object, java.lang.Object)'> (0x000000008a3120b0) 
thrown [open/src/hotspot/share/interpreter/linkResolver.cpp, line 781]
Event: 0,541 Thread 0x00007fcdd002a5d0 Exception <a 'java/lang/NoSuchMethodError'{0x000000008a32e290}: 'java.lang.Object java.lang.invoke.DirectMethodHandle$Holder.newInvokeSpecial(java.lang.Object, long)'> (0x000000008a32e290) 
thrown [open/src/hotspot/share/interpreter/linkResolver.cpp, line 781]
Event: 1,215 Thread 0x00007fcdd002a5d0 Exception <a 'java/io/FileNotFoundException'{0x000000008a218cf0}> (0x000000008a218cf0) 
thrown [open/src/hotspot/share/prims/jni.cpp, line 578]
Event: 1,215 Thread 0x00007fcdd002a5d0 Exception <a 'java/io/FileNotFoundException'{0x000000008a2195e0}> (0x000000008a2195e0) 
thrown [open/src/hotspot/share/prims/jni.cpp, line 578]
Event: 1,215 Thread 0x00007fcdd002a5d0 Exception <a 'java/io/FileNotFoundException'{0x000000008a219de8}> (0x000000008a219de8) 
thrown [open/src/hotspot/share/prims/jni.cpp, line 578]
Event: 1,215 Thread 0x00007fcdd002a5d0 Exception <a 'java/io/FileNotFoundException'{0x000000008a21a568}> (0x000000008a21a568) 
thrown [open/src/hotspot/share/prims/jni.cpp, line 578]
Event: 1,215 Thread 0x00007fcdd002a5d0 Exception <a 'java/io/FileNotFoundException'{0x000000008a21ace8}> (0x000000008a21ace8) 
thrown [open/src/hotspot/share/prims/jni.cpp, line 578]
Event: 1,310 Thread 0x00007fcdd002a5d0 Exception <a 'java/io/FileNotFoundException'{0x0000000088b54b58}> (0x0000000088b54b58) 
thrown [open/src/hotspot/share/prims/jni.cpp, line 578]
Event: 1,310 Thread 0x00007fcdd002a5d0 Exception <a 'java/io/FileNotFoundException'{0x0000000088b553d0}> (0x0000000088b553d0) 
thrown [open/src/hotspot/share/prims/jni.cpp, line 578]
Event: 1,310 Thread 0x00007fcdd002a5d0 Exception <a 'java/io/FileNotFoundException'{0x0000000088b55bd8}> (0x0000000088b55bd8) 
thrown [open/src/hotspot/share/prims/jni.cpp, line 578]
Event: 1,310 Thread 0x00007fcdd002a5d0 Exception <a 'java/io/FileNotFoundException'{0x0000000088b56358}> (0x0000000088b56358) 
thrown [open/src/hotspot/share/prims/jni.cpp, line 578]
Event: 1,310 Thread 0x00007fcdd002a5d0 Exception <a 'java/io/FileNotFoundException'{0x0000000088b56ad8}> (0x0000000088b56ad8) 
thrown [open/src/hotspot/share/prims/jni.cpp, line 578]

Events (20 events):
Event: 1,068 loading class java/util/regex/Pattern$Begin done
Event: 1,068 loading class java/util/regex/Pattern$First
Event: 1,068 loading class java/util/regex/Pattern$First done
Event: 1,068 loading class java/util/regex/Pattern$Start
Event: 1,069 loading class java/util/regex/Pattern$Start done
Event: 1,069 loading class java/util/regex/Pattern$TreeInfo
Event: 1,069 loading class java/util/regex/Pattern$TreeInfo done
Event: 1,069 loading class java/util/ArrayList$SubList
Event: 1,069 loading class java/util/ArrayList$SubList done
Event: 1,069 loading class java/util/regex/Matcher
Event: 1,069 loading class java/util/regex/MatchResult
Event: 1,069 loading class java/util/regex/MatchResult done
Event: 1,069 loading class java/util/regex/Matcher done
Event: 1,069 loading class java/util/regex/IntHashSet
Event: 1,069 loading class java/util/regex/IntHashSet done
Event: 1,222 loading class java/io/FileOutputStream$1
Event: 1,223 loading class java/io/FileOutputStream$1 done
Event: 1,224 Loaded shared library /home/dsaleixo/eclipse-workspace/ProjetoNovidade/ProjetoNovidade/liblpsolve55j_x64.so
Event: 1,318 Executing VM operation: HandshakeAllThreads
Event: 1,319 Executing VM operation: HandshakeAllThreads done


Dynamic libraries:
84a00000-8c600000 rw-p 00000000 00:00 0 
8c600000-100000000 ---p 00000000 00:00 0 
100000000-100100000 rw-p 00000000 00:00 0 
100100000-140000000 ---p 00000000 00:00 0 
556b83a01000-556b83a02000 r-xp 00000000 08:01 54001766                   /home/dsaleixo/.p2/pool/plugins/org.eclipse.justj.openjdk.hotspot.jre.full.linux.x86_64_15.0.1.v20201027-0507/jre/bin/java
556b83a03000-556b83a04000 r--p 00001000 08:01 54001766                   /home/dsaleixo/.p2/pool/plugins/org.eclipse.justj.openjdk.hotspot.jre.full.linux.x86_64_15.0.1.v20201027-0507/jre/bin/java
556b83a04000-556b83a05000 rw-p 00002000 08:01 54001766                   /home/dsaleixo/.p2/pool/plugins/org.eclipse.justj.openjdk.hotspot.jre.full.linux.x86_64_15.0.1.v20201027-0507/jre/bin/java
556b83af5000-556b83b16000 rw-p 00000000 00:00 0                          [heap]
7fcd6c000000-7fcd6c021000 rw-p 00000000 00:00 0 
7fcd6c021000-7fcd70000000 ---p 00000000 00:00 0 
7fcd74000000-7fcd74021000 rw-p 00000000 00:00 0 
7fcd74021000-7fcd78000000 ---p 00000000 00:00 0 
7fcd78000000-7fcd78021000 rw-p 00000000 00:00 0 
7fcd78021000-7fcd7c000000 ---p 00000000 00:00 0 
7fcd7c000000-7fcd7c021000 rw-p 00000000 00:00 0 
7fcd7c021000-7fcd80000000 ---p 00000000 00:00 0 
7fcd80000000-7fcd80021000 rw-p 00000000 00:00 0 
7fcd80021000-7fcd84000000 ---p 00000000 00:00 0 
7fcd84000000-7fcd85093000 rw-p 00000000 00:00 0 
7fcd85093000-7fcd88000000 ---p 00000000 00:00 0 
7fcd88000000-7fcd88b8a000 rw-p 00000000 00:00 0 
7fcd88b8a000-7fcd8c000000 ---p 00000000 00:00 0 
7fcd8c000000-7fcd8c021000 rw-p 00000000 00:00 0 
7fcd8c021000-7fcd90000000 ---p 00000000 00:00 0 
7fcd90000000-7fcd90021000 rw-p 00000000 00:00 0 
7fcd90021000-7fcd94000000 ---p 00000000 00:00 0 
7fcd94000000-7fcd94021000 rw-p 00000000 00:00 0 
7fcd94021000-7fcd98000000 ---p 00000000 00:00 0 
7fcd98000000-7fcd98021000 rw-p 00000000 00:00 0 
7fcd98021000-7fcd9c000000 ---p 00000000 00:00 0 
7fcd9c000000-7fcd9c021000 rw-p 00000000 00:00 0 
7fcd9c021000-7fcda0000000 ---p 00000000 00:00 0 
7fcda0000000-7fcda0021000 rw-p 00000000 00:00 0 
7fcda0021000-7fcda4000000 ---p 00000000 00:00 0 
7fcda4000000-7fcda4021000 rw-p 00000000 00:00 0 
7fcda4021000-7fcda8000000 ---p 00000000 00:00 0 
7fcda9c1c000-7fcda9def000 r-xp 00000000 08:01 15993990                   /usr/lib/x86_64-linux-gnu/libstdc++.so.6.0.28
7fcda9def000-7fcda9fef000 ---p 001d3000 08:01 15993990                   /usr/lib/x86_64-linux-gnu/libstdc++.so.6.0.28
7fcda9fef000-7fcda9ffa000 r--p 001d3000 08:01 15993990                   /usr/lib/x86_64-linux-gnu/libstdc++.so.6.0.28
7fcda9ffa000-7fcda9ffd000 rw-p 001de000 08:01 15993990                   /usr/lib/x86_64-linux-gnu/libstdc++.so.6.0.28
7fcda9ffd000-7fcdac000000 rw-p 00000000 00:00 0 
7fcdac000000-7fcdac021000 rw-p 00000000 00:00 0 
7fcdac021000-7fcdb0000000 ---p 00000000 00:00 0 
7fcdb0000000-7fcdb0021000 rw-p 00000000 00:00 0 
7fcdb0021000-7fcdb4000000 ---p 00000000 00:00 0 
7fcdb4000000-7fcdb4021000 rw-p 00000000 00:00 0 
7fcdb4021000-7fcdb8000000 ---p 00000000 00:00 0 
7fcdb812b000-7fcdb8142000 r-xp 00000000 08:01 55053539                   /lib/x86_64-linux-gnu/libgcc_s.so.1
7fcdb8142000-7fcdb8341000 ---p 00017000 08:01 55053539                   /lib/x86_64-linux-gnu/libgcc_s.so.1
7fcdb8341000-7fcdb8342000 r--p 00016000 08:01 55053539                   /lib/x86_64-linux-gnu/libgcc_s.so.1
7fcdb8342000-7fcdb8343000 rw-p 00017000 08:01 55053539                   /lib/x86_64-linux-gnu/libgcc_s.so.1
7fcdb835d000-7fcdb8412000 r-xp 00000000 08:01 58595613                   /home/dsaleixo/eclipse-workspace/ProjetoNovidade/ProjetoNovidade/liblpsolve55j_x64.so
7fcdb8412000-7fcdb8612000 ---p 000b5000 08:01 58595613                   /home/dsaleixo/eclipse-workspace/ProjetoNovidade/ProjetoNovidade/liblpsolve55j_x64.so
7fcdb8612000-7fcdb8614000 r--p 000b5000 08:01 58595613                   /home/dsaleixo/eclipse-workspace/ProjetoNovidade/ProjetoNovidade/liblpsolve55j_x64.so
7fcdb8614000-7fcdb8617000 rw-p 000b7000 08:01 58595613                   /home/dsaleixo/eclipse-workspace/ProjetoNovidade/ProjetoNovidade/liblpsolve55j_x64.so
7fcdb8617000-7fcdb861e000 r--s 00000000 08:01 16254209                   /usr/lib/x86_64-linux-gnu/gconv/gconv-modules.cache
7fcdb861e000-7fcdb863f000 r--p 00000000 08:01 17960096                   /usr/share/locale-langpack/pt_BR/LC_MESSAGES/libc.mo
7fcdb863f000-7fcdb8640000 ---p 00000000 00:00 0 
7fcdb8640000-7fcdb8900000 rw-p 00000000 00:00 0 
7fcdb8900000-7fcdb8940000 ---p 00000000 00:00 0 
7fcdb8942000-7fcdb8973000 rw-p 00000000 00:00 0 
7fcdb8973000-7fcdb8988000 r-xp 00000000 08:01 54002160                   /home/dsaleixo/.p2/pool/plugins/org.eclipse.justj.openjdk.hotspot.jre.full.linux.x86_64_15.0.1.v20201027-0507/jre/lib/libnet.so
7fcdb8988000-7fcdb8989000 r--p 00014000 08:01 54002160                   /home/dsaleixo/.p2/pool/plugins/org.eclipse.justj.openjdk.hotspot.jre.full.linux.x86_64_15.0.1.v20201027-0507/jre/lib/libnet.so
7fcdb8989000-7fcdb898a000 rw-p 00015000 08:01 54002160                   /home/dsaleixo/.p2/pool/plugins/org.eclipse.justj.openjdk.hotspot.jre.full.linux.x86_64_15.0.1.v20201027-0507/jre/lib/libnet.so
7fcdb898a000-7fcdb899c000 r-xp 00000000 08:01 54002162                   /home/dsaleixo/.p2/pool/plugins/org.eclipse.justj.openjdk.hotspot.jre.full.linux.x86_64_15.0.1.v20201027-0507/jre/lib/libnio.so
7fcdb899c000-7fcdb899d000 r--p 00011000 08:01 54002162                   /home/dsaleixo/.p2/pool/plugins/org.eclipse.justj.openjdk.hotspot.jre.full.linux.x86_64_15.0.1.v20201027-0507/jre/lib/libnio.so
7fcdb899d000-7fcdb899e000 rw-p 00012000 08:01 54002162                   /home/dsaleixo/.p2/pool/plugins/org.eclipse.justj.openjdk.hotspot.jre.full.linux.x86_64_15.0.1.v20201027-0507/jre/lib/libnio.so
7fcdb899e000-7fcdb89a2000 ---p 00000000 00:00 0 
7fcdb89a2000-7fcdb8a9f000 rw-p 00000000 00:00 0 
7fcdb8a9f000-7fcdb8aa0000 ---p 00000000 00:00 0 
7fcdb8aa0000-7fcdb8ba0000 rw-p 00000000 00:00 0 
7fcdb8ba0000-7fcdb8ba4000 ---p 00000000 00:00 0 
7fcdb8ba4000-7fcdb8ca1000 rw-p 00000000 00:00 0 
7fcdb8ca1000-7fcdb8ca5000 ---p 00000000 00:00 0 
7fcdb8ca5000-7fcdb8da2000 rw-p 00000000 00:00 0 
7fcdb8da2000-7fcdb8da6000 ---p 00000000 00:00 0 
7fcdb8da6000-7fcdb8ea3000 rw-p 00000000 00:00 0 
7fcdb8ea3000-7fcdb8ea7000 ---p 00000000 00:00 0 
7fcdb8ea7000-7fcdb8fa4000 rw-p 00000000 00:00 0 
7fcdb8fa4000-7fcdb8fa8000 ---p 00000000 00:00 0 
7fcdb8fa8000-7fcdb90a5000 rw-p 00000000 00:00 0 
7fcdb90a5000-7fcdb90a9000 ---p 00000000 00:00 0 
7fcdb90a9000-7fcdb91a6000 rw-p 00000000 00:00 0 
7fcdb91a6000-7fcdb9480000 r--p 00000000 08:01 15992114                   /usr/lib/locale/locale-archive
7fcdb9480000-7fcdb9484000 ---p 00000000 00:00 0 
7fcdb9484000-7fcdb9581000 rw-p 00000000 00:00 0 
7fcdb9581000-7fcdb9585000 ---p 00000000 00:00 0 
7fcdb9585000-7fcdb9682000 rw-p 00000000 00:00 0 
7fcdb9682000-7fcdb9683000 ---p 00000000 00:00 0 
7fcdb9683000-7fcdb9a4f000 rw-p 00000000 00:00 0 
7fcdb9a4f000-7fcdbb737000 ---p 00000000 00:00 0 
7fcdbb737000-7fcdbb927000 rw-p 00000000 00:00 0 
7fcdbb927000-7fcdbd60f000 ---p 00000000 00:00 0 
7fcdbd60f000-7fcdbd87f000 rwxp 00000000 00:00 0 
7fcdbd87f000-7fcdbdba0000 ---p 00000000 00:00 0 
7fcdbdba0000-7fcdbde30000 rwxp 00000000 00:00 0 
7fcdbde30000-7fcdc50d7000 ---p 00000000 00:00 0 
7fcdc50d7000-7fcdc5347000 rwxp 00000000 00:00 0 
7fcdc5347000-7fcdcc60f000 ---p 00000000 00:00 0 
7fcdcc60f000-7fcdd0000000 r--s 00000000 08:01 54002134                   /home/dsaleixo/.p2/pool/plugins/org.eclipse.justj.openjdk.hotspot.jre.full.linux.x86_64_15.0.1.v20201027-0507/jre/lib/modules
7fcdd0000000-7fcdd08c4000 rw-p 00000000 00:00 0 
7fcdd08c4000-7fcdd4000000 ---p 00000000 00:00 0 
7fcdd4001000-7fcdd400e000 r-xp 00000000 08:01 54002155                   /home/dsaleixo/.p2/pool/plugins/org.eclipse.justj.openjdk.hotspot.jre.full.linux.x86_64_15.0.1.v20201027-0507/jre/lib/libverify.so
7fcdd400e000-7fcdd4010000 r--p 0000c000 08:01 54002155                   /home/dsaleixo/.p2/pool/plugins/org.eclipse.justj.openjdk.hotspot.jre.full.linux.x86_64_15.0.1.v20201027-0507/jre/lib/libverify.so
7fcdd4010000-7fcdd4011000 rw-p 0000e000 08:01 54002155                   /home/dsaleixo/.p2/pool/plugins/org.eclipse.justj.openjdk.hotspot.jre.full.linux.x86_64_15.0.1.v20201027-0507/jre/lib/libverify.so
7fcdd4011000-7fcdd4018000 r-xp 00000000 08:01 54002158                   /home/dsaleixo/.p2/pool/plugins/org.eclipse.justj.openjdk.hotspot.jre.full.linux.x86_64_15.0.1.v20201027-0507/jre/lib/libzip.so
7fcdd4018000-7fcdd4019000 ---p 00007000 08:01 54002158                   /home/dsaleixo/.p2/pool/plugins/org.eclipse.justj.openjdk.hotspot.jre.full.linux.x86_64_15.0.1.v20201027-0507/jre/lib/libzip.so
7fcdd4019000-7fcdd401a000 r--p 00007000 08:01 54002158                   /home/dsaleixo/.p2/pool/plugins/org.eclipse.justj.openjdk.hotspot.jre.full.linux.x86_64_15.0.1.v20201027-0507/jre/lib/libzip.so
7fcdd401a000-7fcdd401b000 rw-p 00008000 08:01 54002158                   /home/dsaleixo/.p2/pool/plugins/org.eclipse.justj.openjdk.hotspot.jre.full.linux.x86_64_15.0.1.v20201027-0507/jre/lib/libzip.so
7fcdd401b000-7fcdd485c000 rw-p 00000000 00:00 0 
7fcdd485f000-7fcdd4860000 ---p 00000000 00:00 0 
7fcdd4860000-7fcdd4960000 rw-p 00000000 00:00 0 
7fcdd4960000-7fcdd4961000 ---p 00000000 00:00 0 
7fcdd4961000-7fcdd4e65000 rw-p 00000000 00:00 0 
7fcdd4e65000-7fcdd4e66000 ---p 00000000 00:00 0 
7fcdd4e66000-7fcdd4f66000 rw-p 00000000 00:00 0 
7fcdd4f66000-7fcdd4f67000 ---p 00000000 00:00 0 
7fcdd4f67000-7fcdd5067000 rw-p 00000000 00:00 0 
7fcdd5067000-7fcdd5068000 ---p 00000000 00:00 0 
7fcdd5068000-7fcdd51a6000 rw-p 00000000 00:00 0 
7fcdd51a6000-7fcdd5543000 ---p 00000000 00:00 0 
7fcdd5543000-7fcdd5581000 rw-p 00000000 00:00 0 
7fcdd5581000-7fcdd591e000 ---p 00000000 00:00 0 
7fcdd591e000-7fcdd595c000 rw-p 00000000 00:00 0 
7fcdd595c000-7fcdd5cf9000 ---p 00000000 00:00 0 
7fcdd5cf9000-7fcdd6102000 rw-p 00000000 00:00 0 
7fcdd6102000-7fcdd61e8000 ---p 00000000 00:00 0 
7fcdd61e8000-7fcdd61ee000 rw-p 00000000 00:00 0 
7fcdd61ee000-7fcdd62d3000 ---p 00000000 00:00 0 
7fcdd62d3000-7fcdd62de000 r-xp 00000000 08:01 55053422                   /lib/x86_64-linux-gnu/libnss_files-2.23.so
7fcdd62de000-7fcdd64dd000 ---p 0000b000 08:01 55053422                   /lib/x86_64-linux-gnu/libnss_files-2.23.so
7fcdd64dd000-7fcdd64de000 r--p 0000a000 08:01 55053422                   /lib/x86_64-linux-gnu/libnss_files-2.23.so
7fcdd64de000-7fcdd64df000 rw-p 0000b000 08:01 55053422                   /lib/x86_64-linux-gnu/libnss_files-2.23.so
7fcdd64df000-7fcdd64e5000 rw-p 00000000 00:00 0 
7fcdd64e5000-7fcdd64f0000 r-xp 00000000 08:01 55053429                   /lib/x86_64-linux-gnu/libnss_nis-2.23.so
7fcdd64f0000-7fcdd66ef000 ---p 0000b000 08:01 55053429                   /lib/x86_64-linux-gnu/libnss_nis-2.23.so
7fcdd66ef000-7fcdd66f0000 r--p 0000a000 08:01 55053429                   /lib/x86_64-linux-gnu/libnss_nis-2.23.so
7fcdd66f0000-7fcdd66f1000 rw-p 0000b000 08:01 55053429                   /lib/x86_64-linux-gnu/libnss_nis-2.23.so
7fcdd66f1000-7fcdd6707000 r-xp 00000000 08:01 55053430                   /lib/x86_64-linux-gnu/libnsl-2.23.so
7fcdd6707000-7fcdd6906000 ---p 00016000 08:01 55053430                   /lib/x86_64-linux-gnu/libnsl-2.23.so
7fcdd6906000-7fcdd6907000 r--p 00015000 08:01 55053430                   /lib/x86_64-linux-gnu/libnsl-2.23.so
7fcdd6907000-7fcdd6908000 rw-p 00016000 08:01 55053430                   /lib/x86_64-linux-gnu/libnsl-2.23.so
7fcdd6908000-7fcdd690a000 rw-p 00000000 00:00 0 
7fcdd690a000-7fcdd6912000 r-xp 00000000 08:01 55053432                   /lib/x86_64-linux-gnu/libnss_compat-2.23.so
7fcdd6912000-7fcdd6b11000 ---p 00008000 08:01 55053432                   /lib/x86_64-linux-gnu/libnss_compat-2.23.so
7fcdd6b11000-7fcdd6b12000 r--p 00007000 08:01 55053432                   /lib/x86_64-linux-gnu/libnss_compat-2.23.so
7fcdd6b12000-7fcdd6b13000 rw-p 00008000 08:01 55053432                   /lib/x86_64-linux-gnu/libnss_compat-2.23.so
7fcdd6b13000-7fcdd6b1a000 r-xp 00000000 08:01 55053421                   /lib/x86_64-linux-gnu/librt-2.23.so
7fcdd6b1a000-7fcdd6d19000 ---p 00007000 08:01 55053421                   /lib/x86_64-linux-gnu/librt-2.23.so
7fcdd6d19000-7fcdd6d1a000 r--p 00006000 08:01 55053421                   /lib/x86_64-linux-gnu/librt-2.23.so
7fcdd6d1a000-7fcdd6d1b000 rw-p 00007000 08:01 55053421                   /lib/x86_64-linux-gnu/librt-2.23.so
7fcdd6d1b000-7fcdd6e23000 r-xp 00000000 08:01 55053426                   /lib/x86_64-linux-gnu/libm-2.23.so
7fcdd6e23000-7fcdd7022000 ---p 00108000 08:01 55053426                   /lib/x86_64-linux-gnu/libm-2.23.so
7fcdd7022000-7fcdd7023000 r--p 00107000 08:01 55053426                   /lib/x86_64-linux-gnu/libm-2.23.so
7fcdd7023000-7fcdd7024000 rw-p 00108000 08:01 55053426                   /lib/x86_64-linux-gnu/libm-2.23.so
7fcdd7024000-7fcdd806b000 r-xp 00000000 08:01 54002129                   /home/dsaleixo/.p2/pool/plugins/org.eclipse.justj.openjdk.hotspot.jre.full.linux.x86_64_15.0.1.v20201027-0507/jre/lib/server/libjvm.so
7fcdd806b000-7fcdd8105000 r--p 01046000 08:01 54002129                   /home/dsaleixo/.p2/pool/plugins/org.eclipse.justj.openjdk.hotspot.jre.full.linux.x86_64_15.0.1.v20201027-0507/jre/lib/server/libjvm.so
7fcdd8105000-7fcdd813c000 rw-p 010e0000 08:01 54002129                   /home/dsaleixo/.p2/pool/plugins/org.eclipse.justj.openjdk.hotspot.jre.full.linux.x86_64_15.0.1.v20201027-0507/jre/lib/server/libjvm.so
7fcdd813c000-7fcdd81c5000 rw-p 00000000 00:00 0 
7fcdd81c5000-7fcdd8385000 r-xp 00000000 08:01 55053431                   /lib/x86_64-linux-gnu/libc-2.23.so
7fcdd8385000-7fcdd8585000 ---p 001c0000 08:01 55053431                   /lib/x86_64-linux-gnu/libc-2.23.so
7fcdd8585000-7fcdd8589000 r--p 001c0000 08:01 55053431                   /lib/x86_64-linux-gnu/libc-2.23.so
7fcdd8589000-7fcdd858b000 rw-p 001c4000 08:01 55053431                   /lib/x86_64-linux-gnu/libc-2.23.so
7fcdd858b000-7fcdd858f000 rw-p 00000000 00:00 0 
7fcdd858f000-7fcdd8592000 r-xp 00000000 08:01 55053418                   /lib/x86_64-linux-gnu/libdl-2.23.so
7fcdd8592000-7fcdd8791000 ---p 00003000 08:01 55053418                   /lib/x86_64-linux-gnu/libdl-2.23.so
7fcdd8791000-7fcdd8792000 r--p 00002000 08:01 55053418                   /lib/x86_64-linux-gnu/libdl-2.23.so
7fcdd8792000-7fcdd8793000 rw-p 00003000 08:01 55053418                   /lib/x86_64-linux-gnu/libdl-2.23.so
7fcdd8793000-7fcdd87ab000 r-xp 00000000 08:01 55053413                   /lib/x86_64-linux-gnu/libpthread-2.23.so
7fcdd87ab000-7fcdd89aa000 ---p 00018000 08:01 55053413                   /lib/x86_64-linux-gnu/libpthread-2.23.so
7fcdd89aa000-7fcdd89ab000 r--p 00017000 08:01 55053413                   /lib/x86_64-linux-gnu/libpthread-2.23.so
7fcdd89ab000-7fcdd89ac000 rw-p 00018000 08:01 55053413                   /lib/x86_64-linux-gnu/libpthread-2.23.so
7fcdd89ac000-7fcdd89b0000 rw-p 00000000 00:00 0 
7fcdd89b0000-7fcdd89c9000 r-xp 00000000 08:01 55055122                   /lib/x86_64-linux-gnu/libz.so.1.2.8
7fcdd89c9000-7fcdd8bc8000 ---p 00019000 08:01 55055122                   /lib/x86_64-linux-gnu/libz.so.1.2.8
7fcdd8bc8000-7fcdd8bc9000 r--p 00018000 08:01 55055122                   /lib/x86_64-linux-gnu/libz.so.1.2.8
7fcdd8bc9000-7fcdd8bca000 rw-p 00019000 08:01 55055122                   /lib/x86_64-linux-gnu/libz.so.1.2.8
7fcdd8bca000-7fcdd8bf0000 r-xp 00000000 08:01 55053423                   /lib/x86_64-linux-gnu/ld-2.23.so
7fcdd8bf3000-7fcdd8c77000 rw-p 00000000 00:00 0 
7fcdd8c77000-7fcdd8c9b000 r-xp 00000000 08:01 54002157                   /home/dsaleixo/.p2/pool/plugins/org.eclipse.justj.openjdk.hotspot.jre.full.linux.x86_64_15.0.1.v20201027-0507/jre/lib/libjava.so
7fcdd8c9b000-7fcdd8c9c000 ---p 00024000 08:01 54002157                   /home/dsaleixo/.p2/pool/plugins/org.eclipse.justj.openjdk.hotspot.jre.full.linux.x86_64_15.0.1.v20201027-0507/jre/lib/libjava.so
7fcdd8c9c000-7fcdd8c9d000 r--p 00024000 08:01 54002157                   /home/dsaleixo/.p2/pool/plugins/org.eclipse.justj.openjdk.hotspot.jre.full.linux.x86_64_15.0.1.v20201027-0507/jre/lib/libjava.so
7fcdd8c9d000-7fcdd8c9e000 rw-p 00025000 08:01 54002157                   /home/dsaleixo/.p2/pool/plugins/org.eclipse.justj.openjdk.hotspot.jre.full.linux.x86_64_15.0.1.v20201027-0507/jre/lib/libjava.so
7fcdd8c9e000-7fcdd8c9f000 rw-p 00000000 00:00 0 
7fcdd8c9f000-7fcdd8cbb000 r-xp 00000000 08:01 54002161                   /home/dsaleixo/.p2/pool/plugins/org.eclipse.justj.openjdk.hotspot.jre.full.linux.x86_64_15.0.1.v20201027-0507/jre/lib/libjimage.so
7fcdd8cbb000-7fcdd8cbd000 r--p 0001b000 08:01 54002161                   /home/dsaleixo/.p2/pool/plugins/org.eclipse.justj.openjdk.hotspot.jre.full.linux.x86_64_15.0.1.v20201027-0507/jre/lib/libjimage.so
7fcdd8cbd000-7fcdd8cbe000 rw-p 0001d000 08:01 54002161                   /home/dsaleixo/.p2/pool/plugins/org.eclipse.justj.openjdk.hotspot.jre.full.linux.x86_64_15.0.1.v20201027-0507/jre/lib/libjimage.so
7fcdd8cbe000-7fcdd8cc2000 ---p 00000000 00:00 0 
7fcdd8cc2000-7fcdd8dc3000 rw-p 00000000 00:00 0 
7fcdd8dc3000-7fcdd8dd2000 r-xp 00000000 08:01 54002156                   /home/dsaleixo/.p2/pool/plugins/org.eclipse.justj.openjdk.hotspot.jre.full.linux.x86_64_15.0.1.v20201027-0507/jre/lib/libjli.so
7fcdd8dd2000-7fcdd8dd3000 r--p 0000e000 08:01 54002156                   /home/dsaleixo/.p2/pool/plugins/org.eclipse.justj.openjdk.hotspot.jre.full.linux.x86_64_15.0.1.v20201027-0507/jre/lib/libjli.so
7fcdd8dd3000-7fcdd8dd4000 rw-p 0000f000 08:01 54002156                   /home/dsaleixo/.p2/pool/plugins/org.eclipse.justj.openjdk.hotspot.jre.full.linux.x86_64_15.0.1.v20201027-0507/jre/lib/libjli.so
7fcdd8dd7000-7fcdd8ddc000 rw-p 00000000 00:00 0 
7fcdd8ddc000-7fcdd8de3000 ---p 00000000 00:00 0 
7fcdd8de3000-7fcdd8deb000 rw-s 00000000 08:01 45482026                   /tmp/hsperfdata_dsaleixo/8117
7fcdd8deb000-7fcdd8dec000 ---p 00000000 00:00 0 
7fcdd8dec000-7fcdd8ded000 r--p 00000000 00:00 0 
7fcdd8ded000-7fcdd8dee000 ---p 00000000 00:00 0 
7fcdd8dee000-7fcdd8def000 rw-p 00000000 00:00 0 
7fcdd8def000-7fcdd8df0000 r--p 00025000 08:01 55053423                   /lib/x86_64-linux-gnu/ld-2.23.so
7fcdd8df0000-7fcdd8df1000 rw-p 00026000 08:01 55053423                   /lib/x86_64-linux-gnu/ld-2.23.so
7fcdd8df1000-7fcdd8df2000 rw-p 00000000 00:00 0 
7ffe3b3d2000-7ffe3b3f4000 rw-p 00000000 00:00 0                          [stack]
7ffe3b3f5000-7ffe3b3f8000 r--p 00000000 00:00 0                          [vvar]
7ffe3b3f8000-7ffe3b3fa000 r-xp 00000000 00:00 0                          [vdso]
ffffffffff600000-ffffffffff601000 r-xp 00000000 00:00 0                  [vsyscall]


VM Arguments:
jvm_args: -Dfile.encoding=UTF-8 
java_command: Tests.Teste2 1 3
java_class_path (initial): /home/dsaleixo/eclipse-workspace/ProjetoNovidade/ProjetoNovidade/bin:/home/dsaleixo/rea de Trabalho/lib2/lib/commons-collections4-4.4.jar:/home/dsaleixo/rea de Trabalho/lib2/lib/commons-math3-3.6.1.jar:/home/dsaleixo/rea de Trabalho/lib2/lib/fuzzywuzzy-1.3.0.jar:/home/dsaleixo/rea de Trabalho/lib2/lib/fuzzywuzzy-1.3.0-javadoc.jar:/home/dsaleixo/rea de Trabalho/lib2/lib/fuzzywuzzy-1.3.0-sources.jar:/home/dsaleixo/rea de Trabalho/lib2/lib/hsqldb-2.5.0.jar:/home/dsaleixo/rea de Trabalho/lib2/lib/javafx.base.jar:/home/dsaleixo/rea de Trabalho/lib2/lib/javafx.controls.jar:/home/dsaleixo/rea de Trabalho/lib2/lib/javafx.fxml.jar:/home/dsaleixo/rea de Trabalho/lib2/lib/javafx.graphics.jar:/home/dsaleixo/rea de Trabalho/lib2/lib/javafx.media.jar:/home/dsaleixo/rea de Trabalho/lib2/lib/javafx.swing.jar:/home/dsaleixo/rea de Trabalho/lib2/lib/javafx.web.jar:/home/dsaleixo/rea de Trabalho/lib2/lib/javafx-swt.jar:/home/dsaleixo/rea de Trabalho/lib2/lib/javax.persistence-2.1.0.jar:/home/dsaleixo/rea de Trabalho/lib2/lib/jaxb-api-2.2.3.jar:/home/dsaleixo/rea de Trabalho/lib2/lib/jdom.jar:/home/dsaleixo/rea de Trabalho/lib2/lib/jfoenix-9.0.10.jar:/home/dsaleixo/rea de Trabalho/lib2/lib/json-20200518.jar:/home/dsaleixo/rea de Trabalho/lib2/lib/minimal-json-0.9.4.jar:/home/dsaleixo/rea de Trabalho/lib2/lib/org.eclipse.persistence.antlr-2.5.2.jar:/home/dsaleixo/rea de Trabalho/lib2/lib/org.eclipse.persistence.asm-2.5.2.jar:/home/dsaleixo/rea de Trabalho/lib2/lib/org.eclipse.persistence.core-2.5.2.jar:/home/dsaleixo/rea de Trabalho/lib2/lib/org.eclipse.persistence.jpa.jpql-2.5.2.jar:/home/dsaleixo/rea de Trabalho/lib2/lib/org.eclipse.persistence.jpa-2.5.2.jar:/home/dsaleixo/rea de Trabalho/lib2/lib/sqlite-jdbc-3.30.1.jar:/home/dsaleixo/rea de Trabalho/lib2/lib/weka.jar:/home/dsaleixo/rea de Trabalho/MicroRTS_Synthesis/bin:/home/dsaleixo/rea de Trabalho/lib/commons-collections4-4.4.jar:/home/dsaleixo/
Launcher Type: SUN_STANDARD

[Global flags]
     intx CICompilerCount                          = 3                                         {product} {ergonomic}
     uint ConcGCThreads                            = 1                                         {product} {ergonomic}
     uint G1ConcRefinementThreads                  = 4                                         {product} {ergonomic}
   size_t G1HeapRegionSize                         = 1048576                                   {product} {ergonomic}
    uintx GCDrainStackTargetSize                   = 64                                        {product} {ergonomic}
   size_t InitialHeapSize                          = 130023424                                 {product} {ergonomic}
   size_t MarkStackSize                            = 4194304                                   {product} {ergonomic}
   size_t MaxHeapSize                              = 2069889024                                {product} {ergonomic}
   size_t MaxNewSize                               = 1241513984                                {product} {ergonomic}
   size_t MinHeapDeltaBytes                        = 1048576                                   {product} {ergonomic}
   size_t MinHeapSize                              = 8388608                                   {product} {ergonomic}
    uintx NonNMethodCodeHeapSize                   = 5832780                                {pd product} {ergonomic}
    uintx NonProfiledCodeHeapSize                  = 122912730                              {pd product} {ergonomic}
    uintx ProfiledCodeHeapSize                     = 122912730                              {pd product} {ergonomic}
    uintx ReservedCodeCacheSize                    = 251658240                              {pd product} {ergonomic}
     bool SegmentedCodeCache                       = true                                      {product} {ergonomic}
   size_t SoftMaxHeapSize                          = 2069889024                             {manageable} {ergonomic}
     bool UseCompressedClassPointers               = true                                 {lp64_product} {ergonomic}
     bool UseCompressedOops                        = true                                 {lp64_product} {ergonomic}
     bool UseG1GC                                  = true                                      {product} {ergonomic}

Logging:
Log output configuration:
 #0: stdout all=warning uptime,level,tags
 #1: stderr all=off uptime,level,tags

Environment Variables:
PATH=/home/dsaleixo/bin:/home/dsaleixo/.local/bin:/usr/local/sbin:/usr/local/bin:/usr/sbin:/usr/bin:/sbin:/bin:/usr/games:/usr/local/games:/snap/bin
SHELL=/bin/bash
DISPLAY=:0
LANG=pt_BR.UTF-8

Signal Handlers:
SIGSEGV: [libjvm.so+0xd63670], sa_mask[0]=11111111011111111101111111111110, sa_flags=SA_RESTART|SA_SIGINFO
SIGBUS: [libjvm.so+0xd63670], sa_mask[0]=11111111011111111101111111111110, sa_flags=SA_RESTART|SA_SIGINFO
SIGFPE: [libjvm.so+0xd63670], sa_mask[0]=11111111011111111101111111111110, sa_flags=SA_RESTART|SA_SIGINFO
SIGPIPE: [libjvm.so+0xb410d0], sa_mask[0]=11111111011111111101111111111110, sa_flags=SA_RESTART|SA_SIGINFO
SIGXFSZ: [libjvm.so+0xb410d0], sa_mask[0]=11111111011111111101111111111110, sa_flags=SA_RESTART|SA_SIGINFO
SIGILL: [libjvm.so+0xd63670], sa_mask[0]=11111111011111111101111111111110, sa_flags=SA_RESTART|SA_SIGINFO
SIGUSR2: [libjvm.so+0xb40f70], sa_mask[0]=00100000000000000000000000000000, sa_flags=SA_RESTART|SA_SIGINFO
SIGHUP: [libjvm.so+0xb417e0], sa_mask[0]=11111111011111111101111111111110, sa_flags=SA_RESTART|SA_SIGINFO
SIGINT: [libjvm.so+0xb417e0], sa_mask[0]=11111111011111111101111111111110, sa_flags=SA_RESTART|SA_SIGINFO
SIGTERM: [libjvm.so+0xb417e0], sa_mask[0]=11111111011111111101111111111110, sa_flags=SA_RESTART|SA_SIGINFO
SIGQUIT: [libjvm.so+0xb417e0], sa_mask[0]=11111111011111111101111111111110, sa_flags=SA_RESTART|SA_SIGINFO


---------------  S Y S T E M  ---------------

OS:
DISTRIB_ID=Ubuntu
DISTRIB_RELEASE=16.04
DISTRIB_CODENAME=xenial
DISTRIB_DESCRIPTION="Ubuntu 16.04.7 LTS"
uname: Linux 4.15.0-142-generic #146~16.04.1-Ubuntu SMP Tue Apr 13 09:27:15 UTC 2021 x86_64
OS uptime: 0 days 1:05 hours
libc: glibc 2.23 NPTL 2.23 
rlimit (soft/hard): STACK 8192k/infinity , CORE 0k/infinity , NPROC 31336/31336 , NOFILE 1048576/1048576 , AS infinity/infinity , CPU infinity/infinity , DATA infinity/infinity , FSIZE infinity/infinity , MEMLOCK 64k/64k
load average: 2,19 2,14 2,05

/proc/meminfo:
MemTotal:        8083596 kB
MemFree:          129284 kB
MemAvailable:    2511068 kB
Buffers:          329268 kB
Cached:          2570708 kB
SwapCached:          228 kB
Active:          5745364 kB
Inactive:        1792148 kB
Active(anon):    4569872 kB
Inactive(anon):   490180 kB
Active(file):    1175492 kB
Inactive(file):  1301968 kB
Unevictable:          96 kB
Mlocked:              96 kB
SwapTotal:        999420 kB
SwapFree:         998384 kB
Dirty:                80 kB
Writeback:             0 kB
AnonPages:       4637560 kB
Mapped:           622064 kB
Shmem:            422636 kB
Slab:             262184 kB
SReclaimable:     207092 kB
SUnreclaim:        55092 kB
KernelStack:       14704 kB
PageTables:        57616 kB
NFS_Unstable:          0 kB
Bounce:                0 kB
WritebackTmp:          0 kB
CommitLimit:     5041216 kB
Committed_AS:    9586940 kB
VmallocTotal:   34359738367 kB
VmallocUsed:           0 kB
VmallocChunk:          0 kB
HardwareCorrupted:     0 kB
AnonHugePages:         0 kB
ShmemHugePages:        0 kB
ShmemPmdMapped:        0 kB
CmaTotal:              0 kB
CmaFree:               0 kB
HugePages_Total:       0
HugePages_Free:        0
HugePages_Rsvd:        0
HugePages_Surp:        0
Hugepagesize:       2048 kB
DirectMap4k:      206156 kB
DirectMap2M:     7049216 kB
DirectMap1G:     2097152 kB

/sys/kernel/mm/transparent_hugepage/enabled: always [madvise] never
/sys/kernel/mm/transparent_hugepage/defrag (defrag/compaction efforts parameter): always defer defer+madvise [madvise] never

/proc/sys/kernel/threads-max (system-wide limit on the number of threads): 62672
/proc/sys/vm/max_map_count (maximum number of memory map areas a process may have): 65530
/proc/sys/kernel/pid_max (system-wide limit on number of process identifiers): 32768

container (cgroup) information:
container_type: cgroupv1
cpu_cpuset_cpus: 0-3
cpu_memory_nodes: 0
active_processor_count: 4
cpu_quota: no quota
cpu_period: 100000
cpu_shares: no shares
memory_limit_in_bytes: unlimited
memory_and_swap_limit_in_bytes: not supported
memory_soft_limit_in_bytes: unlimited
memory_usage_in_bytes: 7718772736
memory_max_usage_in_bytes: unlimited

Steal ticks since vm start: 0
Steal ticks percentage since vm start:  0,000

CPU: total 4 (initial active 4) (4 cores per cpu, 1 threads per core) family 6 model 60 stepping 3 microcode 0x28, cmov, cx8, fxsr, mmx, sse, sse2, sse3, ssse3, sse4.1, sse4.2, popcnt, vzeroupper, avx, avx2, aes, clmul, erms, lzcnt, tsc, tscinvbit, bmi1, bmi2, fma, clflush
CPU Model and flags from /proc/cpuinfo:
model name	: Intel(R) Core(TM) i5-4460S CPU @ 2.90GHz
flags		: fpu vme de pse tsc msr pae mce cx8 apic sep mtrr pge mca cmov pat pse36 clflush dts acpi mmx fxsr sse sse2 ss ht tm pbe syscall nx pdpe1gb rdtscp lm constant_tsc arch_perfmon pebs bts rep_good nopl xtopology nonstop_tsc cpuid aperfmperf pni pclmulqdq dtes64 monitor ds_cpl vmx est tm2 ssse3 sdbg fma cx16 xtpr pdcm pcid sse4_1 sse4_2 x2apic movbe popcnt tsc_deadline_timer aes xsave avx f16c rdrand lahf_lm abm cpuid_fault epb invpcid_single pti ssbd ibrs ibpb stibp tpr_shadow vnmi flexpriority ept vpid fsgsbase tsc_adjust bmi1 avx2 smep bmi2 erms invpcid xsaveopt dtherm ida arat pln pts md_clear flush_l1d

Online cpus: 0-3
Offline cpus: 
BIOS frequency limitation: <Not Available>
Frequency switch latency (ns): 0
Available cpu frequencies: <Not Available>
Current governor: powersave
Core performance/turbo boost: <Not Available>

Memory: 4k page, physical 8083596k(129284k free), swap 999420k(998384k free)

vm_info: OpenJDK 64-Bit Server VM (15.0.1+9-18) for linux-amd64 JRE (15.0.1+9-18), built on Sep 15 2020 13:31:44 by "mach5one" with gcc 9.2.0

END.
